{"meta": {"format": 3, "version": "7.8.2", "timestamp": "2025-10-24T02:54:45.253991", "branch_coverage": false, "show_contexts": false}, "files": {"app\\__init__.py": {"executed_lines": [1, 4, 5, 6, 7, 8, 9, 10, 11, 12, 15, 16, 18, 57, 76, 92, 112], "summary": {"covered_lines": 16, "num_statements": 78, "percent_covered": 20.512820512820515, "percent_covered_display": "21", "missing_lines": 62, "excluded_lines": 0}, "missing_lines": [20, 21, 23, 28, 31, 34, 37, 40, 41, 42, 46, 47, 50, 53, 55, 59, 60, 61, 63, 66, 68, 69, 70, 71, 72, 73, 74, 78, 79, 80, 81, 82, 83, 85, 86, 87, 88, 89, 90, 94, 95, 96, 98, 103, 106, 107, 109, 110, 114, 116, 119, 120, 121, 122, 125, 126, 127, 133, 134, 135, 137, 138], "excluded_lines": [], "functions": {"create_app": {"executed_lines": [], "summary": {"covered_lines": 0, "num_statements": 15, "percent_covered": 0.0, "percent_covered_display": "0", "missing_lines": 15, "excluded_lines": 0}, "missing_lines": [20, 21, 23, 28, 31, 34, 37, 40, 41, 42, 46, 47, 50, 53, 55], "excluded_lines": []}, "initialize_extensions": {"executed_lines": [], "summary": {"covered_lines": 0, "num_statements": 7, "percent_covered": 0.0, "percent_covered_display": "0", "missing_lines": 7, "excluded_lines": 0}, "missing_lines": [59, 60, 61, 63, 66, 68, 69], "excluded_lines": []}, "initialize_extensions.load_user": {"executed_lines": [], "summary": {"covered_lines": 0, "num_statements": 5, "percent_covered": 0.0, "percent_covered_display": "0", "missing_lines": 5, "excluded_lines": 0}, "missing_lines": [70, 71, 72, 73, 74], "excluded_lines": []}, "register_blueprints": {"executed_lines": [], "summary": {"covered_lines": 0, "num_statements": 12, "percent_covered": 0.0, "percent_covered_display": "0", "missing_lines": 12, "excluded_lines": 0}, "missing_lines": [78, 79, 80, 81, 82, 83, 85, 86, 87, 88, 89, 90], "excluded_lines": []}, "configure_logging": {"executed_lines": [], "summary": {"covered_lines": 0, "num_statements": 9, "percent_covered": 0.0, "percent_covered_display": "0", "missing_lines": 9, "excluded_lines": 0}, "missing_lines": [94, 95, 96, 98, 103, 106, 107, 109, 110], "excluded_lines": []}, "create_default_admin": {"executed_lines": [], "summary": {"covered_lines": 0, "num_statements": 14, "percent_covered": 0.0, "percent_covered_display": "0", "missing_lines": 14, "excluded_lines": 0}, "missing_lines": [114, 116, 119, 120, 121, 122, 125, 126, 127, 133, 134, 135, 137, 138], "excluded_lines": []}, "": {"executed_lines": [1, 4, 5, 6, 7, 8, 9, 10, 11, 12, 15, 16, 18, 57, 76, 92, 112], "summary": {"covered_lines": 16, "num_statements": 16, "percent_covered": 100.0, "percent_covered_display": "100", "missing_lines": 0, "excluded_lines": 0}, "missing_lines": [], "excluded_lines": []}}, "classes": {"": {"executed_lines": [1, 4, 5, 6, 7, 8, 9, 10, 11, 12, 15, 16, 18, 57, 76, 92, 112], "summary": {"covered_lines": 16, "num_statements": 78, "percent_covered": 20.512820512820515, "percent_covered_display": "21", "missing_lines": 62, "excluded_lines": 0}, "missing_lines": [20, 21, 23, 28, 31, 34, 37, 40, 41, 42, 46, 47, 50, 53, 55, 59, 60, 61, 63, 66, 68, 69, 70, 71, 72, 73, 74, 78, 79, 80, 81, 82, 83, 85, 86, 87, 88, 89, 90, 94, 95, 96, 98, 103, 106, 107, 109, 110, 114, 116, 119, 120, 121, 122, 125, 126, 127, 133, 134, 135, 137, 138], "excluded_lines": []}}}, "app\\extensions.py": {"executed_lines": [1, 10, 11, 12, 15, 18, 20, 22, 23, 24, 25, 26, 27, 28, 29, 30, 31, 40, 41, 42, 43], "summary": {"covered_lines": 20, "num_statements": 56, "percent_covered": 35.714285714285715, "percent_covered_display": "36", "missing_lines": 36, "excluded_lines": 0}, "missing_lines": [33, 44, 46, 49, 50, 52, 54, 55, 57, 58, 59, 60, 62, 65, 66, 67, 68, 71, 72, 73, 75, 77, 78, 80, 81, 82, 83, 84, 86, 87, 89, 91, 93, 94, 96, 97], "excluded_lines": [], "functions": {"_NoopLimiter.init_app": {"executed_lines": [24], "summary": {"covered_lines": 1, "num_statements": 1, "percent_covered": 100.0, "percent_covered_display": "100", "missing_lines": 0, "excluded_lines": 0}, "missing_lines": [], "excluded_lines": []}, "_NoopLimiter.limit": {"executed_lines": [26, 28], "summary": {"covered_lines": 2, "num_statements": 2, "percent_covered": 100.0, "percent_covered_display": "100", "missing_lines": 0, "excluded_lines": 0}, "missing_lines": [], "excluded_lines": []}, "_NoopLimiter.limit._deco": {"executed_lines": [27], "summary": {"covered_lines": 1, "num_statements": 1, "percent_covered": 100.0, "percent_covered_display": "100", "missing_lines": 0, "excluded_lines": 0}, "missing_lines": [], "excluded_lines": []}, "_NoopLimiter.exempt": {"executed_lines": [30], "summary": {"covered_lines": 1, "num_statements": 1, "percent_covered": 100.0, "percent_covered_display": "100", "missing_lines": 0, "excluded_lines": 0}, "missing_lines": [], "excluded_lines": []}, "": {"executed_lines": [1, 10, 11, 12, 15, 18, 20, 22, 23, 25, 29, 31, 40, 41, 42, 43], "summary": {"covered_lines": 15, "num_statements": 51, "percent_covered": 29.41176470588235, "percent_covered_display": "29", "missing_lines": 36, "excluded_lines": 0}, "missing_lines": [33, 44, 46, 49, 50, 52, 54, 55, 57, 58, 59, 60, 62, 65, 66, 67, 68, 71, 72, 73, 75, 77, 78, 80, 81, 82, 83, 84, 86, 87, 89, 91, 93, 94, 96, 97], "excluded_lines": []}}, "classes": {"_NoopLimiter": {"executed_lines": [24, 26, 27, 28, 30], "summary": {"covered_lines": 5, "num_statements": 5, "percent_covered": 100.0, "percent_covered_display": "100", "missing_lines": 0, "excluded_lines": 0}, "missing_lines": [], "excluded_lines": []}, "": {"executed_lines": [1, 10, 11, 12, 15, 18, 20, 22, 23, 25, 29, 31, 40, 41, 42, 43], "summary": {"covered_lines": 15, "num_statements": 51, "percent_covered": 29.41176470588235, "percent_covered_display": "29", "missing_lines": 36, "excluded_lines": 0}, "missing_lines": [33, 44, 46, 49, 50, 52, 54, 55, 57, 58, 59, 60, 62, 65, 66, 67, 68, 71, 72, 73, 75, 77, 78, 80, 81, 82, 83, 84, 86, 87, 89, 91, 93, 94, 96, 97], "excluded_lines": []}}}, "app\\models\\__init__.py": {"executed_lines": [1, 10, 12], "summary": {"covered_lines": 2, "num_statements": 2, "percent_covered": 100.0, "percent_covered_display": "100", "missing_lines": 0, "excluded_lines": 0}, "missing_lines": [], "excluded_lines": [], "functions": {"": {"executed_lines": [1, 10, 12], "summary": {"covered_lines": 2, "num_statements": 2, "percent_covered": 100.0, "percent_covered_display": "100", "missing_lines": 0, "excluded_lines": 0}, "missing_lines": [], "excluded_lines": []}}, "classes": {"": {"executed_lines": [1, 10, 12], "summary": {"covered_lines": 2, "num_statements": 2, "percent_covered": 100.0, "percent_covered_display": "100", "missing_lines": 0, "excluded_lines": 0}, "missing_lines": [], "excluded_lines": []}}}, "app\\models\\account.py": {"executed_lines": [], "summary": {"covered_lines": 0, "num_statements": 49, "percent_covered": 0.0, "percent_covered_display": "0", "missing_lines": 49, "excluded_lines": 0}, "missing_lines": [4, 5, 6, 7, 9, 11, 14, 15, 16, 19, 20, 21, 22, 23, 24, 27, 28, 29, 30, 31, 32, 35, 36, 37, 38, 41, 42, 43, 44, 47, 48, 51, 52, 54, 56, 57, 59, 61, 62, 63, 65, 67, 68, 70, 72, 73, 74, 76, 77], "excluded_lines": [], "functions": {"EmailAccount.set_smtp_password": {"executed_lines": [], "summary": {"covered_lines": 0, "num_statements": 2, "percent_covered": 0.0, "percent_covered_display": "0", "missing_lines": 2, "excluded_lines": 0}, "missing_lines": [56, 57], "excluded_lines": []}, "EmailAccount.get_smtp_password": {"executed_lines": [], "summary": {"covered_lines": 0, "num_statements": 3, "percent_covered": 0.0, "percent_covered_display": "0", "missing_lines": 3, "excluded_lines": 0}, "missing_lines": [61, 62, 63], "excluded_lines": []}, "EmailAccount.set_imap_password": {"executed_lines": [], "summary": {"covered_lines": 0, "num_statements": 2, "percent_covered": 0.0, "percent_covered_display": "0", "missing_lines": 2, "excluded_lines": 0}, "missing_lines": [67, 68], "excluded_lines": []}, "EmailAccount.get_imap_password": {"executed_lines": [], "summary": {"covered_lines": 0, "num_statements": 3, "percent_covered": 0.0, "percent_covered_display": "0", "missing_lines": 3, "excluded_lines": 0}, "missing_lines": [72, 73, 74], "excluded_lines": []}, "EmailAccount.__repr__": {"executed_lines": [], "summary": {"covered_lines": 0, "num_statements": 1, "percent_covered": 0.0, "percent_covered_display": "0", "missing_lines": 1, "excluded_lines": 0}, "missing_lines": [77], "excluded_lines": []}, "": {"executed_lines": [], "summary": {"covered_lines": 0, "num_statements": 38, "percent_covered": 0.0, "percent_covered_display": "0", "missing_lines": 38, "excluded_lines": 0}, "missing_lines": [4, 5, 6, 7, 9, 11, 14, 15, 16, 19, 20, 21, 22, 23, 24, 27, 28, 29, 30, 31, 32, 35, 36, 37, 38, 41, 42, 43, 44, 47, 48, 51, 52, 54, 59, 65, 70, 76], "excluded_lines": []}}, "classes": {"EmailAccount": {"executed_lines": [], "summary": {"covered_lines": 0, "num_statements": 11, "percent_covered": 0.0, "percent_covered_display": "0", "missing_lines": 11, "excluded_lines": 0}, "missing_lines": [56, 57, 61, 62, 63, 67, 68, 72, 73, 74, 77], "excluded_lines": []}, "": {"executed_lines": [], "summary": {"covered_lines": 0, "num_statements": 38, "percent_covered": 0.0, "percent_covered_display": "0", "missing_lines": 38, "excluded_lines": 0}, "missing_lines": [4, 5, 6, 7, 9, 11, 14, 15, 16, 19, 20, 21, 22, 23, 24, 27, 28, 29, 30, 31, 32, 35, 36, 37, 38, 41, 42, 43, 44, 47, 48, 51, 52, 54, 59, 65, 70, 76], "excluded_lines": []}}}, "app\\models\\audit.py": {"executed_lines": [], "summary": {"covered_lines": 0, "num_statements": 32, "percent_covered": 0.0, "percent_covered_display": "0", "missing_lines": 32, "excluded_lines": 0}, "missing_lines": [4, 5, 6, 8, 10, 13, 14, 15, 16, 19, 20, 21, 22, 23, 26, 27, 30, 31, 32, 35, 36, 39, 40, 42, 43, 45, 46, 48, 49, 51, 53, 54], "excluded_lines": [], "functions": {"AuditLog.is_sensitive_action": {"executed_lines": [], "summary": {"covered_lines": 0, "num_statements": 2, "percent_covered": 0.0, "percent_covered_display": "0", "missing_lines": 2, "excluded_lines": 0}, "missing_lines": [45, 46], "excluded_lines": []}, "AuditLog.is_error": {"executed_lines": [], "summary": {"covered_lines": 0, "num_statements": 1, "percent_covered": 0.0, "percent_covered_display": "0", "missing_lines": 1, "excluded_lines": 0}, "missing_lines": [51], "excluded_lines": []}, "AuditLog.__repr__": {"executed_lines": [], "summary": {"covered_lines": 0, "num_statements": 1, "percent_covered": 0.0, "percent_covered_display": "0", "missing_lines": 1, "excluded_lines": 0}, "missing_lines": [54], "excluded_lines": []}, "": {"executed_lines": [], "summary": {"covered_lines": 0, "num_statements": 28, "percent_covered": 0.0, "percent_covered_display": "0", "missing_lines": 28, "excluded_lines": 0}, "missing_lines": [4, 5, 6, 8, 10, 13, 14, 15, 16, 19, 20, 21, 22, 23, 26, 27, 30, 31, 32, 35, 36, 39, 40, 42, 43, 48, 49, 53], "excluded_lines": []}}, "classes": {"AuditLog": {"executed_lines": [], "summary": {"covered_lines": 0, "num_statements": 4, "percent_covered": 0.0, "percent_covered_display": "0", "missing_lines": 4, "excluded_lines": 0}, "missing_lines": [45, 46, 51, 54], "excluded_lines": []}, "": {"executed_lines": [], "summary": {"covered_lines": 0, "num_statements": 28, "percent_covered": 0.0, "percent_covered_display": "0", "missing_lines": 28, "excluded_lines": 0}, "missing_lines": [4, 5, 6, 8, 10, 13, 14, 15, 16, 19, 20, 21, 22, 23, 26, 27, 30, 31, 32, 35, 36, 39, 40, 42, 43, 48, 49, 53], "excluded_lines": []}}}, "app\\models\\base.py": {"executed_lines": [], "summary": {"covered_lines": 0, "num_statements": 23, "percent_covered": 0.0, "percent_covered_display": "0", "missing_lines": 23, "excluded_lines": 0}, "missing_lines": [4, 5, 6, 7, 8, 9, 12, 14, 16, 17, 19, 21, 24, 25, 26, 27, 29, 31, 33, 35, 37, 39, 42], "excluded_lines": [], "functions": {"Database.__init__": {"executed_lines": [], "summary": {"covered_lines": 0, "num_statements": 2, "percent_covered": 0.0, "percent_covered_display": "0", "missing_lines": 2, "excluded_lines": 0}, "missing_lines": [26, 27], "excluded_lines": []}, "Database.create_all": {"executed_lines": [], "summary": {"covered_lines": 0, "num_statements": 1, "percent_covered": 0.0, "percent_covered_display": "0", "missing_lines": 1, "excluded_lines": 0}, "missing_lines": [31], "excluded_lines": []}, "Database.drop_all": {"executed_lines": [], "summary": {"covered_lines": 0, "num_statements": 1, "percent_covered": 0.0, "percent_covered_display": "0", "missing_lines": 1, "excluded_lines": 0}, "missing_lines": [35], "excluded_lines": []}, "Database.get_session": {"executed_lines": [], "summary": {"covered_lines": 0, "num_statements": 1, "percent_covered": 0.0, "percent_covered_display": "0", "missing_lines": 1, "excluded_lines": 0}, "missing_lines": [39], "excluded_lines": []}, "": {"executed_lines": [], "summary": {"covered_lines": 0, "num_statements": 18, "percent_covered": 0.0, "percent_covered_display": "0", "missing_lines": 18, "excluded_lines": 0}, "missing_lines": [4, 5, 6, 7, 8, 9, 12, 14, 16, 17, 19, 21, 24, 25, 29, 33, 37, 42], "excluded_lines": []}}, "classes": {"TimestampMixin": {"executed_lines": [], "summary": {"covered_lines": 0, "num_statements": 0, "percent_covered": 100.0, "percent_covered_display": "100", "missing_lines": 0, "excluded_lines": 0}, "missing_lines": [], "excluded_lines": []}, "UUIDMixin": {"executed_lines": [], "summary": {"covered_lines": 0, "num_statements": 0, "percent_covered": 100.0, "percent_covered_display": "100", "missing_lines": 0, "excluded_lines": 0}, "missing_lines": [], "excluded_lines": []}, "Database": {"executed_lines": [], "summary": {"covered_lines": 0, "num_statements": 5, "percent_covered": 0.0, "percent_covered_display": "0", "missing_lines": 5, "excluded_lines": 0}, "missing_lines": [26, 27, 31, 35, 39], "excluded_lines": []}, "": {"executed_lines": [], "summary": {"covered_lines": 0, "num_statements": 18, "percent_covered": 0.0, "percent_covered_display": "0", "missing_lines": 18, "excluded_lines": 0}, "missing_lines": [4, 5, 6, 7, 8, 9, 12, 14, 16, 17, 19, 21, 24, 25, 29, 33, 37, 42], "excluded_lines": []}}}, "app\\models\\email.py": {"executed_lines": [], "summary": {"covered_lines": 0, "num_statements": 95, "percent_covered": 0.0, "percent_covered_display": "0", "missing_lines": 95, "excluded_lines": 0}, "missing_lines": [4, 5, 6, 7, 8, 10, 12, 13, 14, 15, 16, 17, 19, 21, 22, 23, 24, 26, 28, 31, 32, 33, 34, 35, 36, 39, 40, 41, 42, 43, 46, 47, 48, 49, 50, 53, 54, 55, 56, 59, 60, 61, 64, 65, 66, 67, 68, 71, 72, 73, 75, 76, 78, 79, 80, 82, 83, 85, 87, 88, 90, 92, 93, 95, 96, 97, 98, 100, 101, 104, 106, 109, 112, 113, 114, 115, 118, 119, 120, 123, 125, 126, 128, 129, 130, 132, 133, 135, 136, 138, 139, 141, 142, 144, 145], "excluded_lines": [], "functions": {"EmailMessage.recipient_list": {"executed_lines": [], "summary": {"covered_lines": 0, "num_statements": 3, "percent_covered": 0.0, "percent_covered_display": "0", "missing_lines": 3, "excluded_lines": 0}, "missing_lines": [78, 79, 80], "excluded_lines": []}, "EmailMessage.is_high_risk": {"executed_lines": [], "summary": {"covered_lines": 0, "num_statements": 1, "percent_covered": 0.0, "percent_covered_display": "0", "missing_lines": 1, "excluded_lines": 0}, "missing_lines": [85], "excluded_lines": []}, "EmailMessage.is_external": {"executed_lines": [], "summary": {"covered_lines": 0, "num_statements": 1, "percent_covered": 0.0, "percent_covered_display": "0", "missing_lines": 1, "excluded_lines": 0}, "missing_lines": [90], "excluded_lines": []}, "EmailMessage.age_hours": {"executed_lines": [], "summary": {"covered_lines": 0, "num_statements": 4, "percent_covered": 0.0, "percent_covered_display": "0", "missing_lines": 4, "excluded_lines": 0}, "missing_lines": [95, 96, 97, 98], "excluded_lines": []}, "EmailMessage.__repr__": {"executed_lines": [], "summary": {"covered_lines": 0, "num_statements": 1, "percent_covered": 0.0, "percent_covered_display": "0", "missing_lines": 1, "excluded_lines": 0}, "missing_lines": [101], "excluded_lines": []}, "EmailAttachment.size_mb": {"executed_lines": [], "summary": {"covered_lines": 0, "num_statements": 3, "percent_covered": 0.0, "percent_covered_display": "0", "missing_lines": 3, "excluded_lines": 0}, "missing_lines": [128, 129, 130], "excluded_lines": []}, "EmailAttachment.is_document": {"executed_lines": [], "summary": {"covered_lines": 0, "num_statements": 2, "percent_covered": 0.0, "percent_covered_display": "0", "missing_lines": 2, "excluded_lines": 0}, "missing_lines": [135, 136], "excluded_lines": []}, "EmailAttachment.is_image": {"executed_lines": [], "summary": {"covered_lines": 0, "num_statements": 2, "percent_covered": 0.0, "percent_covered_display": "0", "missing_lines": 2, "excluded_lines": 0}, "missing_lines": [141, 142], "excluded_lines": []}, "EmailAttachment.__repr__": {"executed_lines": [], "summary": {"covered_lines": 0, "num_statements": 1, "percent_covered": 0.0, "percent_covered_display": "0", "missing_lines": 1, "excluded_lines": 0}, "missing_lines": [145], "excluded_lines": []}, "": {"executed_lines": [], "summary": {"covered_lines": 0, "num_statements": 77, "percent_covered": 0.0, "percent_covered_display": "0", "missing_lines": 77, "excluded_lines": 0}, "missing_lines": [4, 5, 6, 7, 8, 10, 12, 13, 14, 15, 16, 17, 19, 21, 22, 23, 24, 26, 28, 31, 32, 33, 34, 35, 36, 39, 40, 41, 42, 43, 46, 47, 48, 49, 50, 53, 54, 55, 56, 59, 60, 61, 64, 65, 66, 67, 68, 71, 72, 73, 75, 76, 82, 83, 87, 88, 92, 93, 100, 104, 106, 109, 112, 113, 114, 115, 118, 119, 120, 123, 125, 126, 132, 133, 138, 139, 144], "excluded_lines": []}}, "classes": {"EmailStatus": {"executed_lines": [], "summary": {"covered_lines": 0, "num_statements": 0, "percent_covered": 100.0, "percent_covered_display": "100", "missing_lines": 0, "excluded_lines": 0}, "missing_lines": [], "excluded_lines": []}, "EmailPriority": {"executed_lines": [], "summary": {"covered_lines": 0, "num_statements": 0, "percent_covered": 100.0, "percent_covered_display": "100", "missing_lines": 0, "excluded_lines": 0}, "missing_lines": [], "excluded_lines": []}, "EmailMessage": {"executed_lines": [], "summary": {"covered_lines": 0, "num_statements": 10, "percent_covered": 0.0, "percent_covered_display": "0", "missing_lines": 10, "excluded_lines": 0}, "missing_lines": [78, 79, 80, 85, 90, 95, 96, 97, 98, 101], "excluded_lines": []}, "EmailAttachment": {"executed_lines": [], "summary": {"covered_lines": 0, "num_statements": 8, "percent_covered": 0.0, "percent_covered_display": "0", "missing_lines": 8, "excluded_lines": 0}, "missing_lines": [128, 129, 130, 135, 136, 141, 142, 145], "excluded_lines": []}, "": {"executed_lines": [], "summary": {"covered_lines": 0, "num_statements": 77, "percent_covered": 0.0, "percent_covered_display": "0", "missing_lines": 77, "excluded_lines": 0}, "missing_lines": [4, 5, 6, 7, 8, 10, 12, 13, 14, 15, 16, 17, 19, 21, 22, 23, 24, 26, 28, 31, 32, 33, 34, 35, 36, 39, 40, 41, 42, 43, 46, 47, 48, 49, 50, 53, 54, 55, 56, 59, 60, 61, 64, 65, 66, 67, 68, 71, 72, 73, 75, 76, 82, 83, 87, 88, 92, 93, 100, 104, 106, 109, 112, 113, 114, 115, 118, 119, 120, 123, 125, 126, 132, 133, 138, 139, 144], "excluded_lines": []}}}, "app\\models\\rule.py": {"executed_lines": [], "summary": {"covered_lines": 0, "num_statements": 53, "percent_covered": 0.0, "percent_covered_display": "0", "missing_lines": 53, "excluded_lines": 0}, "missing_lines": [4, 5, 6, 7, 9, 11, 12, 13, 14, 15, 16, 17, 18, 20, 22, 23, 24, 25, 26, 28, 30, 33, 34, 35, 36, 39, 40, 41, 44, 45, 46, 47, 48, 49, 52, 53, 54, 55, 58, 59, 60, 63, 64, 66, 67, 69, 71, 72, 75, 77, 81, 83, 84], "excluded_lines": [], "functions": {"ModerationRule.is_high_priority": {"executed_lines": [], "summary": {"covered_lines": 0, "num_statements": 1, "percent_covered": 0.0, "percent_covered_display": "0", "missing_lines": 1, "excluded_lines": 0}, "missing_lines": [69], "excluded_lines": []}, "ModerationRule.effectiveness_rate": {"executed_lines": [], "summary": {"covered_lines": 0, "num_statements": 1, "percent_covered": 0.0, "percent_covered_display": "0", "missing_lines": 1, "excluded_lines": 0}, "missing_lines": [75], "excluded_lines": []}, "ModerationRule.matches": {"executed_lines": [], "summary": {"covered_lines": 0, "num_statements": 1, "percent_covered": 0.0, "percent_covered_display": "0", "missing_lines": 1, "excluded_lines": 0}, "missing_lines": [81], "excluded_lines": []}, "ModerationRule.__repr__": {"executed_lines": [], "summary": {"covered_lines": 0, "num_statements": 1, "percent_covered": 0.0, "percent_covered_display": "0", "missing_lines": 1, "excluded_lines": 0}, "missing_lines": [84], "excluded_lines": []}, "": {"executed_lines": [], "summary": {"covered_lines": 0, "num_statements": 49, "percent_covered": 0.0, "percent_covered_display": "0", "missing_lines": 49, "excluded_lines": 0}, "missing_lines": [4, 5, 6, 7, 9, 11, 12, 13, 14, 15, 16, 17, 18, 20, 22, 23, 24, 25, 26, 28, 30, 33, 34, 35, 36, 39, 40, 41, 44, 45, 46, 47, 48, 49, 52, 53, 54, 55, 58, 59, 60, 63, 64, 66, 67, 71, 72, 77, 83], "excluded_lines": []}}, "classes": {"RuleType": {"executed_lines": [], "summary": {"covered_lines": 0, "num_statements": 0, "percent_covered": 100.0, "percent_covered_display": "100", "missing_lines": 0, "excluded_lines": 0}, "missing_lines": [], "excluded_lines": []}, "RuleAction": {"executed_lines": [], "summary": {"covered_lines": 0, "num_statements": 0, "percent_covered": 100.0, "percent_covered_display": "100", "missing_lines": 0, "excluded_lines": 0}, "missing_lines": [], "excluded_lines": []}, "ModerationRule": {"executed_lines": [], "summary": {"covered_lines": 0, "num_statements": 4, "percent_covered": 0.0, "percent_covered_display": "0", "missing_lines": 4, "excluded_lines": 0}, "missing_lines": [69, 75, 81, 84], "excluded_lines": []}, "": {"executed_lines": [], "summary": {"covered_lines": 0, "num_statements": 49, "percent_covered": 0.0, "percent_covered_display": "0", "missing_lines": 49, "excluded_lines": 0}, "missing_lines": [4, 5, 6, 7, 9, 11, 12, 13, 14, 15, 16, 17, 18, 20, 22, 23, 24, 25, 26, 28, 30, 33, 34, 35, 36, 39, 40, 41, 44, 45, 46, 47, 48, 49, 52, 53, 54, 55, 58, 59, 60, 63, 64, 66, 67, 71, 72, 77, 83], "excluded_lines": []}}}, "app\\models\\simple_user.py": {"executed_lines": [1, 9, 10, 11, 14, 15, 22, 23, 24, 25, 27, 35, 39, 48, 49, 50, 51, 55, 56, 57], "summary": {"covered_lines": 18, "num_statements": 23, "percent_covered": 78.26086956521739, "percent_covered_display": "78", "missing_lines": 5, "excluded_lines": 0}, "missing_lines": [33, 36, 58, 59, 60], "excluded_lines": [], "functions": {"SimpleUser.__init__": {"executed_lines": [23, 24, 25], "summary": {"covered_lines": 3, "num_statements": 3, "percent_covered": 100.0, "percent_covered_display": "100", "missing_lines": 0, "excluded_lines": 0}, "missing_lines": [], "excluded_lines": []}, "SimpleUser.get_role": {"executed_lines": [], "summary": {"covered_lines": 0, "num_statements": 1, "percent_covered": 0.0, "percent_covered_display": "0", "missing_lines": 1, "excluded_lines": 0}, "missing_lines": [33], "excluded_lines": []}, "SimpleUser.__repr__": {"executed_lines": [], "summary": {"covered_lines": 0, "num_statements": 1, "percent_covered": 0.0, "percent_covered_display": "0", "missing_lines": 1, "excluded_lines": 0}, "missing_lines": [36], "excluded_lines": []}, "load_user_from_db": {"executed_lines": [48, 49, 50, 51, 55, 56, 57], "summary": {"covered_lines": 7, "num_statements": 10, "percent_covered": 70.0, "percent_covered_display": "70", "missing_lines": 3, "excluded_lines": 0}, "missing_lines": [58, 59, 60], "excluded_lines": []}, "": {"executed_lines": [1, 9, 10, 11, 14, 15, 22, 27, 35, 39], "summary": {"covered_lines": 8, "num_statements": 8, "percent_covered": 100.0, "percent_covered_display": "100", "missing_lines": 0, "excluded_lines": 0}, "missing_lines": [], "excluded_lines": []}}, "classes": {"SimpleUser": {"executed_lines": [23, 24, 25], "summary": {"covered_lines": 3, "num_statements": 5, "percent_covered": 60.0, "percent_covered_display": "60", "missing_lines": 2, "excluded_lines": 0}, "missing_lines": [33, 36], "excluded_lines": []}, "": {"executed_lines": [1, 9, 10, 11, 14, 15, 22, 27, 35, 39, 48, 49, 50, 51, 55, 56, 57], "summary": {"covered_lines": 15, "num_statements": 18, "percent_covered": 83.33333333333333, "percent_covered_display": "83", "missing_lines": 3, "excluded_lines": 0}, "missing_lines": [58, 59, 60], "excluded_lines": []}}}, "app\\models\\user.py": {"executed_lines": [], "summary": {"covered_lines": 0, "num_statements": 56, "percent_covered": 0.0, "percent_covered_display": "0", "missing_lines": 56, "excluded_lines": 0}, "missing_lines": [4, 5, 6, 7, 8, 9, 10, 13, 18, 20, 21, 22, 24, 26, 29, 30, 31, 34, 35, 36, 39, 40, 43, 44, 45, 46, 49, 50, 53, 54, 55, 57, 59, 60, 62, 64, 66, 68, 70, 72, 74, 76, 78, 79, 81, 82, 83, 85, 86, 89, 91, 93, 94, 97, 99, 100], "excluded_lines": [], "functions": {"User.set_password": {"executed_lines": [], "summary": {"covered_lines": 0, "num_statements": 2, "percent_covered": 0.0, "percent_covered_display": "0", "missing_lines": 2, "excluded_lines": 0}, "missing_lines": [59, 60], "excluded_lines": []}, "User.check_password": {"executed_lines": [], "summary": {"covered_lines": 0, "num_statements": 1, "percent_covered": 0.0, "percent_covered_display": "0", "missing_lines": 1, "excluded_lines": 0}, "missing_lines": [64], "excluded_lines": []}, "User.has_role": {"executed_lines": [], "summary": {"covered_lines": 0, "num_statements": 1, "percent_covered": 0.0, "percent_covered_display": "0", "missing_lines": 1, "excluded_lines": 0}, "missing_lines": [68], "excluded_lines": []}, "User.can_review": {"executed_lines": [], "summary": {"covered_lines": 0, "num_statements": 1, "percent_covered": 0.0, "percent_covered_display": "0", "missing_lines": 1, "excluded_lines": 0}, "missing_lines": [72], "excluded_lines": []}, "User.can_admin": {"executed_lines": [], "summary": {"covered_lines": 0, "num_statements": 1, "percent_covered": 0.0, "percent_covered_display": "0", "missing_lines": 1, "excluded_lines": 0}, "missing_lines": [76], "excluded_lines": []}, "User.full_name": {"executed_lines": [], "summary": {"covered_lines": 0, "num_statements": 3, "percent_covered": 0.0, "percent_covered_display": "0", "missing_lines": 3, "excluded_lines": 0}, "missing_lines": [81, 82, 83], "excluded_lines": []}, "User.__repr__": {"executed_lines": [], "summary": {"covered_lines": 0, "num_statements": 1, "percent_covered": 0.0, "percent_covered_display": "0", "missing_lines": 1, "excluded_lines": 0}, "missing_lines": [86], "excluded_lines": []}, "Role.__repr__": {"executed_lines": [], "summary": {"covered_lines": 0, "num_statements": 1, "percent_covered": 0.0, "percent_covered_display": "0", "missing_lines": 1, "excluded_lines": 0}, "missing_lines": [100], "excluded_lines": []}, "": {"executed_lines": [], "summary": {"covered_lines": 0, "num_statements": 45, "percent_covered": 0.0, "percent_covered_display": "0", "missing_lines": 45, "excluded_lines": 0}, "missing_lines": [4, 5, 6, 7, 8, 9, 10, 13, 18, 20, 21, 22, 24, 26, 29, 30, 31, 34, 35, 36, 39, 40, 43, 44, 45, 46, 49, 50, 53, 54, 55, 57, 62, 66, 70, 74, 78, 79, 85, 89, 91, 93, 94, 97, 99], "excluded_lines": []}}, "classes": {"RoleEnum": {"executed_lines": [], "summary": {"covered_lines": 0, "num_statements": 0, "percent_covered": 100.0, "percent_covered_display": "100", "missing_lines": 0, "excluded_lines": 0}, "missing_lines": [], "excluded_lines": []}, "User": {"executed_lines": [], "summary": {"covered_lines": 0, "num_statements": 10, "percent_covered": 0.0, "percent_covered_display": "0", "missing_lines": 10, "excluded_lines": 0}, "missing_lines": [59, 60, 64, 68, 72, 76, 81, 82, 83, 86], "excluded_lines": []}, "Role": {"executed_lines": [], "summary": {"covered_lines": 0, "num_statements": 1, "percent_covered": 0.0, "percent_covered_display": "0", "missing_lines": 1, "excluded_lines": 0}, "missing_lines": [100], "excluded_lines": []}, "": {"executed_lines": [], "summary": {"covered_lines": 0, "num_statements": 45, "percent_covered": 0.0, "percent_covered_display": "0", "missing_lines": 45, "excluded_lines": 0}, "missing_lines": [4, 5, 6, 7, 8, 9, 10, 13, 18, 20, 21, 22, 24, 26, 29, 30, 31, 34, 35, 36, 39, 40, 43, 44, 45, 46, 49, 50, 53, 54, 55, 57, 62, 66, 70, 74, 78, 79, 85, 89, 91, 93, 94, 97, 99], "excluded_lines": []}}}, "app\\routes\\__init__.py": {"executed_lines": [0], "summary": {"covered_lines": 0, "num_statements": 0, "percent_covered": 100.0, "percent_covered_display": "100", "missing_lines": 0, "excluded_lines": 0}, "missing_lines": [], "excluded_lines": [], "functions": {"": {"executed_lines": [], "summary": {"covered_lines": 0, "num_statements": 0, "percent_covered": 100.0, "percent_covered_display": "100", "missing_lines": 0, "excluded_lines": 0}, "missing_lines": [], "excluded_lines": []}}, "classes": {"": {"executed_lines": [], "summary": {"covered_lines": 0, "num_statements": 0, "percent_covered": 100.0, "percent_covered_display": "100", "missing_lines": 0, "excluded_lines": 0}, "missing_lines": [], "excluded_lines": []}}}, "app\\routes\\accounts.py": {"executed_lines": [1, 7, 8, 9, 10, 11, 12, 13, 14, 15, 16, 17, 20, 27, 28, 29, 30, 32, 34, 37, 39, 46, 47, 48, 65, 66, 67, 68, 113, 114, 115, 149, 150, 151, 207, 208, 209, 210, 247, 248, 249, 269, 270, 271, 272, 288, 289, 290, 376, 377, 378, 431, 432, 433, 503, 504, 505, 553, 554, 555, 582, 583, 584, 591, 592, 593, 722, 723, 724, 725, 824, 825, 826, 827, 850, 851, 852, 853, 868, 869, 870, 871, 883, 884, 885, 905, 906, 907], "summary": {"covered_lines": 87, "num_statements": 657, "percent_covered": 13.242009132420092, "percent_covered_display": "13", "missing_lines": 570, "excluded_lines": 0}, "missing_lines": [40, 41, 42, 43, 50, 51, 52, 53, 61, 62, 72, 73, 74, 75, 76, 77, 79, 80, 81, 82, 83, 84, 86, 87, 88, 89, 90, 91, 92, 93, 94, 95, 96, 97, 99, 100, 101, 102, 104, 105, 106, 107, 109, 110, 117, 118, 119, 127, 128, 129, 130, 131, 132, 133, 134, 135, 136, 138, 139, 140, 153, 154, 155, 156, 157, 158, 159, 161, 162, 163, 164, 165, 166, 167, 168, 169, 170, 171, 172, 173, 174, 175, 176, 177, 178, 180, 181, 182, 186, 187, 188, 189, 190, 191, 192, 193, 194, 195, 196, 197, 200, 201, 202, 203, 204, 212, 213, 214, 215, 216, 217, 218, 219, 220, 221, 222, 223, 224, 225, 226, 241, 242, 243, 244, 251, 252, 253, 254, 255, 264, 265, 266, 274, 275, 276, 277, 278, 279, 280, 281, 292, 293, 294, 295, 296, 297, 298, 299, 300, 301, 302, 303, 304, 306, 307, 308, 309, 310, 311, 313, 314, 315, 316, 317, 318, 319, 320, 321, 322, 323, 324, 326, 327, 328, 333, 334, 336, 337, 338, 339, 340, 341, 342, 343, 344, 345, 346, 347, 348, 350, 351, 352, 354, 355, 356, 357, 358, 359, 360, 361, 362, 363, 364, 365, 366, 367, 368, 369, 370, 371, 372, 373, 380, 381, 382, 383, 384, 385, 386, 387, 388, 389, 390, 391, 392, 393, 394, 395, 396, 397, 398, 399, 400, 401, 402, 403, 405, 406, 407, 408, 409, 410, 412, 413, 414, 415, 416, 417, 419, 420, 421, 422, 423, 424, 425, 426, 427, 428, 435, 436, 437, 438, 439, 440, 441, 442, 443, 444, 445, 446, 447, 448, 449, 450, 451, 452, 453, 455, 456, 457, 458, 460, 461, 462, 463, 464, 465, 466, 467, 468, 469, 470, 472, 473, 474, 475, 476, 477, 478, 479, 480, 481, 482, 496, 497, 498, 499, 500, 507, 508, 509, 510, 511, 512, 513, 514, 515, 516, 517, 518, 519, 520, 521, 522, 523, 524, 525, 526, 527, 528, 529, 530, 532, 533, 534, 535, 536, 538, 539, 540, 541, 542, 544, 545, 546, 547, 548, 549, 550, 557, 558, 559, 561, 562, 563, 565, 577, 579, 585, 586, 587, 588, 595, 596, 597, 599, 600, 601, 602, 604, 605, 606, 607, 608, 609, 610, 611, 612, 613, 614, 616, 617, 618, 619, 620, 621, 622, 623, 624, 625, 626, 627, 629, 630, 631, 632, 633, 636, 637, 638, 639, 640, 643, 644, 646, 647, 648, 649, 650, 651, 652, 653, 654, 655, 656, 657, 660, 661, 662, 663, 666, 667, 668, 669, 670, 672, 673, 675, 676, 677, 689, 690, 691, 694, 695, 696, 699, 700, 701, 702, 703, 704, 705, 706, 707, 709, 710, 711, 712, 713, 715, 717, 719, 726, 727, 728, 729, 730, 731, 732, 733, 734, 735, 736, 737, 739, 740, 741, 742, 743, 744, 746, 747, 748, 749, 750, 751, 752, 753, 754, 755, 756, 757, 758, 759, 760, 761, 762, 763, 764, 765, 766, 767, 768, 769, 770, 771, 772, 773, 774, 775, 776, 777, 779, 780, 781, 782, 783, 800, 816, 817, 818, 819, 821, 822, 829, 830, 832, 833, 834, 835, 836, 837, 838, 839, 840, 842, 843, 844, 845, 846, 847, 848, 855, 856, 858, 859, 860, 861, 862, 864, 865, 866, 873, 874, 875, 876, 877, 878, 879, 880, 881, 887, 888, 889, 891, 892, 893, 897, 898, 899, 900, 902, 903, 909, 910, 912, 913, 915, 916], "excluded_lines": [], "functions": {"_to_int": {"executed_lines": [], "summary": {"covered_lines": 0, "num_statements": 4, "percent_covered": 0.0, "percent_covered_display": "0", "missing_lines": 4, "excluded_lines": 0}, "missing_lines": [40, 41, 42, 43], "excluded_lines": []}, "api_get_accounts": {"executed_lines": [], "summary": {"covered_lines": 0, "num_statements": 6, "percent_covered": 0.0, "percent_covered_display": "0", "missing_lines": 6, "excluded_lines": 0}, "missing_lines": [50, 51, 52, 53, 61, 62], "excluded_lines": []}, "api_accounts_bulk_delete": {"executed_lines": [], "summary": {"covered_lines": 0, "num_statements": 34, "percent_covered": 0.0, "percent_covered_display": "0", "missing_lines": 34, "excluded_lines": 0}, "missing_lines": [72, 73, 74, 75, 76, 77, 79, 80, 81, 82, 83, 84, 86, 87, 88, 89, 90, 91, 92, 93, 94, 95, 96, 97, 99, 100, 101, 102, 104, 105, 106, 107, 109, 110], "excluded_lines": []}, "api_account_health": {"executed_lines": [], "summary": {"covered_lines": 0, "num_statements": 16, "percent_covered": 0.0, "percent_covered_display": "0", "missing_lines": 16, "excluded_lines": 0}, "missing_lines": [117, 118, 119, 127, 128, 129, 130, 131, 132, 133, 134, 135, 136, 138, 139, 140], "excluded_lines": []}, "api_account_crud": {"executed_lines": [], "summary": {"covered_lines": 0, "num_statements": 45, "percent_covered": 0.0, "percent_covered_display": "0", "missing_lines": 45, "excluded_lines": 0}, "missing_lines": [153, 154, 155, 156, 157, 158, 159, 161, 162, 163, 164, 165, 166, 167, 168, 169, 170, 171, 172, 173, 174, 175, 176, 177, 178, 180, 181, 182, 186, 187, 188, 189, 190, 191, 192, 193, 194, 195, 196, 197, 200, 201, 202, 203, 204], "excluded_lines": []}, "api_test_account": {"executed_lines": [], "summary": {"covered_lines": 0, "num_statements": 19, "percent_covered": 0.0, "percent_covered_display": "0", "missing_lines": 19, "excluded_lines": 0}, "missing_lines": [212, 213, 214, 215, 216, 217, 218, 219, 220, 221, 222, 223, 224, 225, 226, 241, 242, 243, 244], "excluded_lines": []}, "api_export_accounts": {"executed_lines": [], "summary": {"covered_lines": 0, "num_statements": 8, "percent_covered": 0.0, "percent_covered_display": "0", "missing_lines": 8, "excluded_lines": 0}, "missing_lines": [251, 252, 253, 254, 255, 264, 265, 266], "excluded_lines": []}, "api_test_connection": {"executed_lines": [], "summary": {"covered_lines": 0, "num_statements": 8, "percent_covered": 0.0, "percent_covered_display": "0", "missing_lines": 8, "excluded_lines": 0}, "missing_lines": [274, 275, 276, 277, 278, 279, 280, 281], "excluded_lines": []}, "api_imap_live_test": {"executed_lines": [], "summary": {"covered_lines": 0, "num_statements": 72, "percent_covered": 0.0, "percent_covered_display": "0", "missing_lines": 72, "excluded_lines": 0}, "missing_lines": [292, 293, 294, 295, 296, 297, 298, 299, 300, 301, 302, 303, 304, 306, 307, 308, 309, 310, 311, 313, 314, 315, 316, 317, 318, 319, 320, 321, 322, 323, 324, 326, 327, 328, 333, 334, 336, 337, 338, 339, 340, 341, 342, 343, 344, 345, 346, 347, 348, 350, 351, 352, 354, 355, 356, 357, 358, 359, 360, 361, 362, 363, 364, 365, 366, 367, 368, 369, 370, 371, 372, 373], "excluded_lines": []}, "api_scan_inbox": {"executed_lines": [], "summary": {"covered_lines": 0, "num_statements": 46, "percent_covered": 0.0, "percent_covered_display": "0", "missing_lines": 46, "excluded_lines": 0}, "missing_lines": [380, 381, 382, 383, 384, 385, 386, 387, 388, 389, 390, 391, 392, 393, 394, 395, 396, 397, 398, 399, 400, 401, 402, 403, 405, 406, 407, 408, 409, 410, 412, 413, 414, 415, 416, 417, 419, 420, 421, 422, 423, 424, 425, 426, 427, 428], "excluded_lines": []}, "api_intercept_uid": {"executed_lines": [], "summary": {"covered_lines": 0, "num_statements": 50, "percent_covered": 0.0, "percent_covered_display": "0", "missing_lines": 50, "excluded_lines": 0}, "missing_lines": [435, 436, 437, 438, 439, 440, 441, 442, 443, 444, 445, 446, 447, 448, 449, 450, 451, 452, 453, 455, 456, 457, 458, 460, 461, 462, 463, 464, 465, 466, 467, 468, 469, 470, 472, 473, 474, 475, 476, 477, 478, 479, 480, 481, 482, 496, 497, 498, 499, 500], "excluded_lines": []}, "api_resync_last": {"executed_lines": [], "summary": {"covered_lines": 0, "num_statements": 41, "percent_covered": 0.0, "percent_covered_display": "0", "missing_lines": 41, "excluded_lines": 0}, "missing_lines": [507, 508, 509, 510, 511, 512, 513, 514, 515, 516, 517, 518, 519, 520, 521, 522, 523, 524, 525, 526, 527, 528, 529, 530, 532, 533, 534, 535, 536, 538, 539, 540, 541, 542, 544, 545, 546, 547, 548, 549, 550], "excluded_lines": []}, "email_accounts": {"executed_lines": [], "summary": {"covered_lines": 0, "num_statements": 9, "percent_covered": 0.0, "percent_covered_display": "0", "missing_lines": 9, "excluded_lines": 0}, "missing_lines": [557, 558, 559, 561, 562, 563, 565, 577, 579], "excluded_lines": []}, "accounts_import_page": {"executed_lines": [], "summary": {"covered_lines": 0, "num_statements": 4, "percent_covered": 0.0, "percent_covered_display": "0", "missing_lines": 4, "excluded_lines": 0}, "missing_lines": [585, 586, 587, 588], "excluded_lines": []}, "add_email_account": {"executed_lines": [], "summary": {"covered_lines": 0, "num_statements": 91, "percent_covered": 0.0, "percent_covered_display": "0", "missing_lines": 91, "excluded_lines": 0}, "missing_lines": [595, 596, 597, 599, 600, 601, 602, 604, 605, 606, 607, 608, 609, 610, 611, 612, 613, 614, 616, 617, 618, 619, 620, 621, 622, 623, 624, 625, 626, 627, 629, 630, 631, 632, 633, 636, 637, 638, 639, 640, 643, 644, 646, 647, 648, 649, 650, 651, 652, 653, 654, 655, 656, 657, 660, 661, 662, 663, 666, 667, 668, 669, 670, 672, 673, 675, 676, 677, 689, 690, 691, 694, 695, 696, 699, 700, 701, 702, 703, 704, 705, 706, 707, 709, 710, 711, 712, 713, 715, 717, 719], "excluded_lines": []}, "api_import_accounts": {"executed_lines": [], "summary": {"covered_lines": 0, "num_statements": 55, "percent_covered": 0.0, "percent_covered_display": "0", "missing_lines": 55, "excluded_lines": 0}, "missing_lines": [726, 727, 728, 729, 730, 731, 732, 733, 734, 735, 736, 737, 739, 740, 741, 742, 743, 744, 746, 747, 748, 749, 750, 751, 752, 753, 754, 755, 756, 757, 760, 766, 767, 768, 769, 770, 771, 772, 773, 774, 775, 776, 777, 779, 780, 781, 782, 783, 800, 816, 817, 818, 819, 821, 822], "excluded_lines": []}, "api_import_accounts._to_int": {"executed_lines": [], "summary": {"covered_lines": 0, "num_statements": 2, "percent_covered": 0.0, "percent_covered_display": "0", "missing_lines": 2, "excluded_lines": 0}, "missing_lines": [758, 759], "excluded_lines": []}, "api_import_accounts._to_bool": {"executed_lines": [], "summary": {"covered_lines": 0, "num_statements": 5, "percent_covered": 0.0, "percent_covered_display": "0", "missing_lines": 5, "excluded_lines": 0}, "missing_lines": [761, 762, 763, 764, 765], "excluded_lines": []}, "api_start_monitor": {"executed_lines": [], "summary": {"covered_lines": 0, "num_statements": 18, "percent_covered": 0.0, "percent_covered_display": "0", "missing_lines": 18, "excluded_lines": 0}, "missing_lines": [829, 830, 832, 833, 834, 835, 836, 837, 838, 839, 840, 842, 843, 844, 845, 846, 847, 848], "excluded_lines": []}, "api_stop_monitor": {"executed_lines": [], "summary": {"covered_lines": 0, "num_statements": 10, "percent_covered": 0.0, "percent_covered_display": "0", "missing_lines": 10, "excluded_lines": 0}, "missing_lines": [855, 856, 858, 859, 860, 861, 862, 864, 865, 866], "excluded_lines": []}, "api_restart_monitor": {"executed_lines": [], "summary": {"covered_lines": 0, "num_statements": 9, "percent_covered": 0.0, "percent_covered_display": "0", "missing_lines": 9, "excluded_lines": 0}, "missing_lines": [873, 874, 875, 876, 877, 878, 879, 880, 881], "excluded_lines": []}, "api_watchers_status": {"executed_lines": [], "summary": {"covered_lines": 0, "num_statements": 12, "percent_covered": 0.0, "percent_covered_display": "0", "missing_lines": 12, "excluded_lines": 0}, "missing_lines": [887, 888, 889, 891, 892, 893, 897, 898, 899, 900, 902, 903], "excluded_lines": []}, "api_detect_email_settings": {"executed_lines": [], "summary": {"covered_lines": 0, "num_statements": 6, "percent_covered": 0.0, "percent_covered_display": "0", "missing_lines": 6, "excluded_lines": 0}, "missing_lines": [909, 910, 912, 913, 915, 916], "excluded_lines": []}, "": {"executed_lines": [1, 7, 8, 9, 10, 11, 12, 13, 14, 15, 16, 17, 20, 27, 28, 29, 30, 32, 34, 37, 39, 46, 47, 48, 65, 66, 67, 68, 113, 114, 115, 149, 150, 151, 207, 208, 209, 210, 247, 248, 249, 269, 270, 271, 272, 288, 289, 290, 376, 377, 378, 431, 432, 433, 503, 504, 505, 553, 554, 555, 582, 583, 584, 591, 592, 593, 722, 723, 724, 725, 824, 825, 826, 827, 850, 851, 852, 853, 868, 869, 870, 871, 883, 884, 885, 905, 906, 907], "summary": {"covered_lines": 87, "num_statements": 87, "percent_covered": 100.0, "percent_covered_display": "100", "missing_lines": 0, "excluded_lines": 0}, "missing_lines": [], "excluded_lines": []}}, "classes": {"": {"executed_lines": [1, 7, 8, 9, 10, 11, 12, 13, 14, 15, 16, 17, 20, 27, 28, 29, 30, 32, 34, 37, 39, 46, 47, 48, 65, 66, 67, 68, 113, 114, 115, 149, 150, 151, 207, 208, 209, 210, 247, 248, 249, 269, 270, 271, 272, 288, 289, 290, 376, 377, 378, 431, 432, 433, 503, 504, 505, 553, 554, 555, 582, 583, 584, 591, 592, 593, 722, 723, 724, 725, 824, 825, 826, 827, 850, 851, 852, 853, 868, 869, 870, 871, 883, 884, 885, 905, 906, 907], "summary": {"covered_lines": 87, "num_statements": 657, "percent_covered": 13.242009132420092, "percent_covered_display": "13", "missing_lines": 570, "excluded_lines": 0}, "missing_lines": [40, 41, 42, 43, 50, 51, 52, 53, 61, 62, 72, 73, 74, 75, 76, 77, 79, 80, 81, 82, 83, 84, 86, 87, 88, 89, 90, 91, 92, 93, 94, 95, 96, 97, 99, 100, 101, 102, 104, 105, 106, 107, 109, 110, 117, 118, 119, 127, 128, 129, 130, 131, 132, 133, 134, 135, 136, 138, 139, 140, 153, 154, 155, 156, 157, 158, 159, 161, 162, 163, 164, 165, 166, 167, 168, 169, 170, 171, 172, 173, 174, 175, 176, 177, 178, 180, 181, 182, 186, 187, 188, 189, 190, 191, 192, 193, 194, 195, 196, 197, 200, 201, 202, 203, 204, 212, 213, 214, 215, 216, 217, 218, 219, 220, 221, 222, 223, 224, 225, 226, 241, 242, 243, 244, 251, 252, 253, 254, 255, 264, 265, 266, 274, 275, 276, 277, 278, 279, 280, 281, 292, 293, 294, 295, 296, 297, 298, 299, 300, 301, 302, 303, 304, 306, 307, 308, 309, 310, 311, 313, 314, 315, 316, 317, 318, 319, 320, 321, 322, 323, 324, 326, 327, 328, 333, 334, 336, 337, 338, 339, 340, 341, 342, 343, 344, 345, 346, 347, 348, 350, 351, 352, 354, 355, 356, 357, 358, 359, 360, 361, 362, 363, 364, 365, 366, 367, 368, 369, 370, 371, 372, 373, 380, 381, 382, 383, 384, 385, 386, 387, 388, 389, 390, 391, 392, 393, 394, 395, 396, 397, 398, 399, 400, 401, 402, 403, 405, 406, 407, 408, 409, 410, 412, 413, 414, 415, 416, 417, 419, 420, 421, 422, 423, 424, 425, 426, 427, 428, 435, 436, 437, 438, 439, 440, 441, 442, 443, 444, 445, 446, 447, 448, 449, 450, 451, 452, 453, 455, 456, 457, 458, 460, 461, 462, 463, 464, 465, 466, 467, 468, 469, 470, 472, 473, 474, 475, 476, 477, 478, 479, 480, 481, 482, 496, 497, 498, 499, 500, 507, 508, 509, 510, 511, 512, 513, 514, 515, 516, 517, 518, 519, 520, 521, 522, 523, 524, 525, 526, 527, 528, 529, 530, 532, 533, 534, 535, 536, 538, 539, 540, 541, 542, 544, 545, 546, 547, 548, 549, 550, 557, 558, 559, 561, 562, 563, 565, 577, 579, 585, 586, 587, 588, 595, 596, 597, 599, 600, 601, 602, 604, 605, 606, 607, 608, 609, 610, 611, 612, 613, 614, 616, 617, 618, 619, 620, 621, 622, 623, 624, 625, 626, 627, 629, 630, 631, 632, 633, 636, 637, 638, 639, 640, 643, 644, 646, 647, 648, 649, 650, 651, 652, 653, 654, 655, 656, 657, 660, 661, 662, 663, 666, 667, 668, 669, 670, 672, 673, 675, 676, 677, 689, 690, 691, 694, 695, 696, 699, 700, 701, 702, 703, 704, 705, 706, 707, 709, 710, 711, 712, 713, 715, 717, 719, 726, 727, 728, 729, 730, 731, 732, 733, 734, 735, 736, 737, 739, 740, 741, 742, 743, 744, 746, 747, 748, 749, 750, 751, 752, 753, 754, 755, 756, 757, 758, 759, 760, 761, 762, 763, 764, 765, 766, 767, 768, 769, 770, 771, 772, 773, 774, 775, 776, 777, 779, 780, 781, 782, 783, 800, 816, 817, 818, 819, 821, 822, 829, 830, 832, 833, 834, 835, 836, 837, 838, 839, 840, 842, 843, 844, 845, 846, 847, 848, 855, 856, 858, 859, 860, 861, 862, 864, 865, 866, 873, 874, 875, 876, 877, 878, 879, 880, 881, 887, 888, 889, 891, 892, 893, 897, 898, 899, 900, 902, 903, 909, 910, 912, 913, 915, 916], "excluded_lines": []}}}, "app\\routes\\auth.py": {"executed_lines": [1, 7, 8, 9, 10, 11, 12, 13, 14, 17, 19, 20, 23, 24, 31, 32, 33, 35, 36, 37, 39, 40, 41, 43, 45, 47, 48, 49, 52, 53, 55, 63, 64, 65], "summary": {"covered_lines": 33, "num_statements": 43, "percent_covered": 76.74418604651163, "percent_covered_display": "77", "missing_lines": 10, "excluded_lines": 0}, "missing_lines": [26, 27, 28, 46, 57, 58, 60, 67, 68, 69], "excluded_lines": [], "functions": {"index": {"executed_lines": [], "summary": {"covered_lines": 0, "num_statements": 3, "percent_covered": 0.0, "percent_covered_display": "0", "missing_lines": 3, "excluded_lines": 0}, "missing_lines": [26, 27, 28], "excluded_lines": []}, "login": {"executed_lines": [35, 36, 37, 39, 40, 41, 43, 45, 47, 48, 49, 52, 53, 55], "summary": {"covered_lines": 14, "num_statements": 18, "percent_covered": 77.77777777777777, "percent_covered_display": "78", "missing_lines": 4, "excluded_lines": 0}, "missing_lines": [46, 57, 58, 60], "excluded_lines": []}, "logout": {"executed_lines": [], "summary": {"covered_lines": 0, "num_statements": 3, "percent_covered": 0.0, "percent_covered_display": "0", "missing_lines": 3, "excluded_lines": 0}, "missing_lines": [67, 68, 69], "excluded_lines": []}, "": {"executed_lines": [1, 7, 8, 9, 10, 11, 12, 13, 14, 17, 19, 20, 23, 24, 31, 32, 33, 63, 64, 65], "summary": {"covered_lines": 19, "num_statements": 19, "percent_covered": 100.0, "percent_covered_display": "100", "missing_lines": 0, "excluded_lines": 0}, "missing_lines": [], "excluded_lines": []}}, "classes": {"": {"executed_lines": [1, 7, 8, 9, 10, 11, 12, 13, 14, 17, 19, 20, 23, 24, 31, 32, 33, 35, 36, 37, 39, 40, 41, 43, 45, 47, 48, 49, 52, 53, 55, 63, 64, 65], "summary": {"covered_lines": 33, "num_statements": 43, "percent_covered": 76.74418604651163, "percent_covered_display": "77", "missing_lines": 10, "excluded_lines": 0}, "missing_lines": [26, 27, 28, 46, 57, 58, 60, 67, 68, 69], "excluded_lines": []}}}, "app\\routes\\compose.py": {"executed_lines": [1, 8, 9, 10, 11, 12, 13, 14, 15, 17, 18, 19, 23, 26, 27, 28], "summary": {"covered_lines": 15, "num_statements": 103, "percent_covered": 14.563106796116505, "percent_covered_display": "15", "missing_lines": 88, "excluded_lines": 0}, "missing_lines": [30, 31, 32, 35, 42, 43, 44, 45, 46, 47, 48, 49, 51, 52, 53, 54, 55, 57, 58, 59, 60, 61, 63, 64, 65, 66, 67, 68, 70, 71, 72, 73, 74, 75, 77, 78, 79, 80, 81, 82, 83, 85, 86, 87, 88, 89, 90, 93, 94, 95, 96, 97, 98, 99, 102, 103, 104, 105, 107, 108, 109, 110, 112, 113, 117, 118, 119, 120, 121, 122, 124, 125, 126, 127, 145, 146, 147, 148, 149, 150, 151, 152, 154, 155, 156, 157, 159, 160], "excluded_lines": [], "functions": {"compose_email": {"executed_lines": [], "summary": {"covered_lines": 0, "num_statements": 83, "percent_covered": 0.0, "percent_covered_display": "0", "missing_lines": 83, "excluded_lines": 0}, "missing_lines": [30, 31, 32, 35, 42, 43, 44, 45, 46, 47, 48, 49, 51, 52, 53, 54, 55, 57, 58, 59, 60, 61, 63, 64, 65, 66, 67, 68, 70, 71, 72, 73, 74, 75, 77, 78, 79, 80, 81, 82, 83, 85, 86, 87, 88, 89, 90, 93, 94, 102, 103, 104, 105, 107, 108, 109, 110, 112, 113, 117, 118, 119, 120, 121, 122, 124, 125, 126, 127, 145, 146, 147, 148, 149, 150, 151, 152, 154, 155, 156, 157, 159, 160], "excluded_lines": []}, "compose_email._connect": {"executed_lines": [], "summary": {"covered_lines": 0, "num_statements": 5, "percent_covered": 0.0, "percent_covered_display": "0", "missing_lines": 5, "excluded_lines": 0}, "missing_lines": [95, 96, 97, 98, 99], "excluded_lines": []}, "": {"executed_lines": [1, 8, 9, 10, 11, 12, 13, 14, 15, 17, 18, 19, 23, 26, 27, 28], "summary": {"covered_lines": 15, "num_statements": 15, "percent_covered": 100.0, "percent_covered_display": "100", "missing_lines": 0, "excluded_lines": 0}, "missing_lines": [], "excluded_lines": []}}, "classes": {"": {"executed_lines": [1, 8, 9, 10, 11, 12, 13, 14, 15, 17, 18, 19, 23, 26, 27, 28], "summary": {"covered_lines": 15, "num_statements": 103, "percent_covered": 14.563106796116505, "percent_covered_display": "15", "missing_lines": 88, "excluded_lines": 0}, "missing_lines": [30, 31, 32, 35, 42, 43, 44, 45, 46, 47, 48, 49, 51, 52, 53, 54, 55, 57, 58, 59, 60, 61, 63, 64, 65, 66, 67, 68, 70, 71, 72, 73, 74, 75, 77, 78, 79, 80, 81, 82, 83, 85, 86, 87, 88, 89, 90, 93, 94, 95, 96, 97, 98, 99, 102, 103, 104, 105, 107, 108, 109, 110, 112, 113, 117, 118, 119, 120, 121, 122, 124, 125, 126, 127, 145, 146, 147, 148, 149, 150, 151, 152, 154, 155, 156, 157, 159, 160], "excluded_lines": []}}}, "app\\routes\\dashboard.py": {"executed_lines": [1, 6, 7, 8, 9, 10, 12, 15, 16, 17, 18, 20, 21, 22, 25, 33, 36, 37, 40, 49, 52, 61, 64, 72, 73, 74, 75, 76, 77, 78, 80, 81, 82, 92, 93, 94, 96, 98, 100, 112, 113, 114], "summary": {"covered_lines": 41, "num_statements": 47, "percent_covered": 87.23404255319149, "percent_covered_display": "87", "missing_lines": 6, "excluded_lines": 0}, "missing_lines": [84, 86, 87, 88, 90, 116], "excluded_lines": [], "functions": {"dashboard": {"executed_lines": [20, 21, 22, 25, 33, 36, 37, 40, 49, 52, 61, 64, 72, 73, 74, 75, 76, 77, 78, 80, 81, 82, 92, 93, 94, 96, 98, 100], "summary": {"covered_lines": 28, "num_statements": 33, "percent_covered": 84.84848484848484, "percent_covered_display": "85", "missing_lines": 5, "excluded_lines": 0}, "missing_lines": [84, 86, 87, 88, 90], "excluded_lines": []}, "test_dashboard": {"executed_lines": [], "summary": {"covered_lines": 0, "num_statements": 1, "percent_covered": 0.0, "percent_covered_display": "0", "missing_lines": 1, "excluded_lines": 0}, "missing_lines": [116], "excluded_lines": []}, "": {"executed_lines": [1, 6, 7, 8, 9, 10, 12, 15, 16, 17, 18, 112, 113, 114], "summary": {"covered_lines": 13, "num_statements": 13, "percent_covered": 100.0, "percent_covered_display": "100", "missing_lines": 0, "excluded_lines": 0}, "missing_lines": [], "excluded_lines": []}}, "classes": {"": {"executed_lines": [1, 6, 7, 8, 9, 10, 12, 15, 16, 17, 18, 20, 21, 22, 25, 33, 36, 37, 40, 49, 52, 61, 64, 72, 73, 74, 75, 76, 77, 78, 80, 81, 82, 92, 93, 94, 96, 98, 100, 112, 113, 114], "summary": {"covered_lines": 41, "num_statements": 47, "percent_covered": 87.23404255319149, "percent_covered_display": "87", "missing_lines": 6, "excluded_lines": 0}, "missing_lines": [84, 86, 87, 88, 90, 116], "excluded_lines": []}}}, "app\\routes\\diagnostics.py": {"executed_lines": [1, 5, 6, 7, 8, 9, 10, 11, 12, 13, 15, 16, 18, 19, 20, 21, 23, 26, 27, 28, 39, 40, 41, 56, 57, 58, 63, 64, 65, 69, 70, 71, 93, 94, 95, 116, 117, 118, 131, 132, 133, 232, 233, 234], "summary": {"covered_lines": 43, "num_statements": 172, "percent_covered": 25.0, "percent_covered_display": "25", "missing_lines": 129, "excluded_lines": 0}, "missing_lines": [29, 30, 31, 32, 33, 34, 35, 36, 42, 43, 44, 45, 46, 47, 48, 49, 51, 52, 53, 59, 60, 66, 72, 73, 74, 75, 76, 77, 78, 79, 80, 81, 82, 83, 84, 85, 86, 87, 88, 89, 90, 96, 97, 98, 99, 109, 110, 111, 112, 113, 119, 120, 121, 122, 123, 124, 125, 126, 127, 128, 135, 136, 137, 139, 140, 143, 144, 146, 147, 150, 151, 152, 154, 155, 158, 163, 164, 165, 168, 169, 170, 171, 173, 176, 177, 178, 179, 180, 181, 183, 197, 200, 201, 202, 203, 205, 207, 210, 211, 212, 213, 215, 216, 217, 219, 228, 229, 238, 239, 240, 241, 242, 243, 244, 247, 248, 249, 250, 253, 254, 255, 257, 258, 261, 262, 266, 273, 274, 275], "excluded_lines": [], "functions": {"run_cross_account_test": {"executed_lines": [], "summary": {"covered_lines": 0, "num_statements": 8, "percent_covered": 0.0, "percent_covered_display": "0", "missing_lines": 8, "excluded_lines": 0}, "missing_lines": [29, 30, 31, 32, 33, 34, 35, 36], "excluded_lines": []}, "get_test_status": {"executed_lines": [], "summary": {"covered_lines": 0, "num_statements": 11, "percent_covered": 0.0, "percent_covered_display": "0", "missing_lines": 11, "excluded_lines": 0}, "missing_lines": [42, 43, 44, 45, 46, 47, 48, 49, 51, 52, 53], "excluded_lines": []}, "test_email_send": {"executed_lines": [], "summary": {"covered_lines": 0, "num_statements": 2, "percent_covered": 0.0, "percent_covered_display": "0", "missing_lines": 2, "excluded_lines": 0}, "missing_lines": [59, 60], "excluded_lines": []}, "interception_test_dashboard": {"executed_lines": [], "summary": {"covered_lines": 0, "num_statements": 1, "percent_covered": 0.0, "percent_covered_display": "0", "missing_lines": 1, "excluded_lines": 0}, "missing_lines": [66], "excluded_lines": []}, "api_test_send_email": {"executed_lines": [], "summary": {"covered_lines": 0, "num_statements": 19, "percent_covered": 0.0, "percent_covered_display": "0", "missing_lines": 19, "excluded_lines": 0}, "missing_lines": [72, 73, 74, 75, 76, 77, 78, 79, 80, 81, 82, 83, 84, 85, 86, 87, 88, 89, 90], "excluded_lines": []}, "api_test_check_interception": {"executed_lines": [], "summary": {"covered_lines": 0, "num_statements": 9, "percent_covered": 0.0, "percent_covered_display": "0", "missing_lines": 9, "excluded_lines": 0}, "missing_lines": [96, 97, 98, 99, 109, 110, 111, 112, 113], "excluded_lines": []}, "api_test_verify_delivery": {"executed_lines": [], "summary": {"covered_lines": 0, "num_statements": 10, "percent_covered": 0.0, "percent_covered_display": "0", "missing_lines": 10, "excluded_lines": 0}, "missing_lines": [119, 120, 121, 122, 123, 124, 125, 126, 127, 128], "excluded_lines": []}, "api_test_send_bi_directional": {"executed_lines": [], "summary": {"covered_lines": 0, "num_statements": 47, "percent_covered": 0.0, "percent_covered_display": "0", "missing_lines": 47, "excluded_lines": 0}, "missing_lines": [135, 136, 137, 139, 140, 143, 144, 146, 147, 150, 151, 152, 154, 155, 158, 163, 164, 165, 168, 169, 170, 171, 173, 176, 177, 178, 179, 180, 181, 183, 197, 200, 201, 202, 203, 205, 207, 210, 211, 212, 213, 215, 216, 217, 219, 228, 229], "excluded_lines": []}, "api_account_diagnostics": {"executed_lines": [], "summary": {"covered_lines": 0, "num_statements": 22, "percent_covered": 0.0, "percent_covered_display": "0", "missing_lines": 22, "excluded_lines": 0}, "missing_lines": [238, 239, 240, 241, 242, 243, 244, 247, 248, 249, 250, 253, 254, 255, 257, 258, 261, 262, 266, 273, 274, 275], "excluded_lines": []}, "": {"executed_lines": [1, 5, 6, 7, 8, 9, 10, 11, 12, 13, 15, 16, 18, 19, 20, 21, 23, 26, 27, 28, 39, 40, 41, 56, 57, 58, 63, 64, 65, 69, 70, 71, 93, 94, 95, 116, 117, 118, 131, 132, 133, 232, 233, 234], "summary": {"covered_lines": 43, "num_statements": 43, "percent_covered": 100.0, "percent_covered_display": "100", "missing_lines": 0, "excluded_lines": 0}, "missing_lines": [], "excluded_lines": []}}, "classes": {"": {"executed_lines": [1, 5, 6, 7, 8, 9, 10, 11, 12, 13, 15, 16, 18, 19, 20, 21, 23, 26, 27, 28, 39, 40, 41, 56, 57, 58, 63, 64, 65, 69, 70, 71, 93, 94, 95, 116, 117, 118, 131, 132, 133, 232, 233, 234], "summary": {"covered_lines": 43, "num_statements": 172, "percent_covered": 25.0, "percent_covered_display": "25", "missing_lines": 129, "excluded_lines": 0}, "missing_lines": [29, 30, 31, 32, 33, 34, 35, 36, 42, 43, 44, 45, 46, 47, 48, 49, 51, 52, 53, 59, 60, 66, 72, 73, 74, 75, 76, 77, 78, 79, 80, 81, 82, 83, 84, 85, 86, 87, 88, 89, 90, 96, 97, 98, 99, 109, 110, 111, 112, 113, 119, 120, 121, 122, 123, 124, 125, 126, 127, 128, 135, 136, 137, 139, 140, 143, 144, 146, 147, 150, 151, 152, 154, 155, 158, 163, 164, 165, 168, 169, 170, 171, 173, 176, 177, 178, 179, 180, 181, 183, 197, 200, 201, 202, 203, 205, 207, 210, 211, 212, 213, 215, 216, 217, 219, 228, 229, 238, 239, 240, 241, 242, 243, 244, 247, 248, 249, 250, 253, 254, 255, 257, 258, 261, 262, 266, 273, 274, 275], "excluded_lines": []}}}, "app\\routes\\emails.py": {"executed_lines": [1, 7, 8, 9, 10, 11, 12, 13, 14, 15, 16, 17, 18, 19, 20, 21, 22, 23, 24, 25, 26, 28, 29, 32, 33, 35, 36, 37, 76, 77, 78, 166, 167, 168, 192, 193, 194, 269, 270, 271, 314, 315, 316, 357, 358, 359, 360, 361, 362, 364, 365, 366, 368, 369, 370, 371, 372, 373, 374, 375, 376, 377, 379, 382, 383, 384, 385, 386, 387, 388, 390, 391, 392, 393, 394, 506, 507, 508, 513, 514, 517, 520, 521, 522, 536, 537, 538, 549, 550, 551, 573, 574, 575], "summary": {"covered_lines": 92, "num_statements": 319, "percent_covered": 28.84012539184953, "percent_covered_display": "29", "missing_lines": 227, "excluded_lines": 0}, "missing_lines": [39, 40, 42, 43, 44, 47, 57, 59, 61, 80, 81, 83, 84, 85, 88, 95, 97, 98, 99, 101, 102, 104, 105, 107, 109, 110, 113, 115, 117, 120, 123, 124, 125, 130, 131, 133, 136, 137, 140, 141, 142, 143, 144, 146, 148, 152, 170, 171, 174, 175, 176, 177, 178, 180, 181, 182, 184, 195, 196, 198, 199, 200, 202, 211, 212, 213, 214, 215, 217, 218, 219, 228, 237, 238, 245, 254, 256, 272, 273, 274, 277, 287, 288, 289, 290, 292, 294, 295, 296, 297, 298, 299, 301, 303, 304, 305, 306, 307, 309, 311, 317, 318, 320, 321, 323, 324, 326, 328, 329, 330, 339, 348, 350, 351, 353, 354, 367, 378, 380, 389, 395, 396, 397, 398, 399, 400, 401, 402, 403, 404, 405, 406, 407, 408, 409, 410, 411, 412, 413, 414, 415, 416, 417, 418, 419, 420, 421, 422, 423, 424, 425, 427, 428, 429, 430, 431, 432, 433, 434, 435, 436, 437, 438, 439, 440, 441, 442, 443, 444, 445, 446, 448, 449, 450, 451, 452, 454, 455, 456, 457, 458, 459, 469, 470, 472, 473, 474, 475, 476, 477, 478, 479, 480, 481, 492, 494, 495, 497, 509, 510, 511, 515, 516, 524, 525, 526, 527, 528, 529, 530, 532, 533, 540, 541, 542, 543, 544, 545, 546, 553, 554, 565, 566, 567, 569, 570, 577], "excluded_lines": [], "functions": {"emails_unified": {"executed_lines": [], "summary": {"covered_lines": 0, "num_statements": 9, "percent_covered": 0.0, "percent_covered_display": "0", "missing_lines": 9, "excluded_lines": 0}, "missing_lines": [39, 40, 42, 43, 44, 47, 57, 59, 61], "excluded_lines": []}, "api_emails_unified": {"executed_lines": [], "summary": {"covered_lines": 0, "num_statements": 37, "percent_covered": 0.0, "percent_covered_display": "0", "missing_lines": 37, "excluded_lines": 0}, "missing_lines": [80, 81, 83, 84, 85, 88, 95, 97, 98, 99, 101, 102, 104, 105, 107, 109, 110, 113, 115, 117, 120, 123, 124, 125, 130, 131, 133, 136, 137, 140, 141, 142, 143, 144, 146, 148, 152], "excluded_lines": []}, "email_queue": {"executed_lines": [], "summary": {"covered_lines": 0, "num_statements": 11, "percent_covered": 0.0, "percent_covered_display": "0", "missing_lines": 11, "excluded_lines": 0}, "missing_lines": [170, 171, 174, 175, 176, 177, 178, 180, 181, 182, 184], "excluded_lines": []}, "email_queue_legacy": {"executed_lines": [], "summary": {"covered_lines": 0, "num_statements": 20, "percent_covered": 0.0, "percent_covered_display": "0", "missing_lines": 20, "excluded_lines": 0}, "missing_lines": [195, 196, 198, 199, 200, 202, 211, 212, 213, 214, 215, 217, 218, 219, 228, 237, 238, 245, 254, 256], "excluded_lines": []}, "view_email": {"executed_lines": [], "summary": {"covered_lines": 0, "num_statements": 23, "percent_covered": 0.0, "percent_covered_display": "0", "missing_lines": 23, "excluded_lines": 0}, "missing_lines": [272, 273, 274, 277, 287, 288, 289, 290, 292, 294, 295, 296, 297, 298, 299, 301, 303, 304, 305, 306, 307, 309, 311], "excluded_lines": []}, "email_action": {"executed_lines": [], "summary": {"covered_lines": 0, "num_statements": 16, "percent_covered": 0.0, "percent_covered_display": "0", "missing_lines": 16, "excluded_lines": 0}, "missing_lines": [317, 318, 320, 321, 323, 324, 326, 328, 329, 330, 339, 348, 350, 351, 353, 354], "excluded_lines": []}, "api_fetch_emails": {"executed_lines": [364, 365, 366, 368, 369, 370, 371, 372, 373, 374, 375, 376, 377, 379, 382, 383, 384, 385, 386, 387, 388, 390, 391, 392, 393, 394, 506, 507, 508, 513, 514, 517], "summary": {"covered_lines": 32, "num_statements": 119, "percent_covered": 26.89075630252101, "percent_covered_display": "27", "missing_lines": 87, "excluded_lines": 0}, "missing_lines": [367, 378, 380, 389, 395, 396, 397, 398, 399, 400, 401, 402, 403, 404, 405, 406, 407, 408, 409, 410, 411, 412, 413, 414, 415, 416, 417, 418, 419, 420, 421, 422, 423, 424, 425, 427, 428, 429, 430, 431, 432, 433, 434, 435, 436, 437, 438, 439, 440, 441, 442, 443, 444, 445, 446, 448, 449, 450, 451, 452, 454, 455, 456, 457, 458, 459, 469, 470, 472, 473, 474, 475, 476, 477, 478, 479, 480, 481, 492, 494, 495, 497, 509, 510, 511, 515, 516], "excluded_lines": []}, "api_email_reply_forward": {"executed_lines": [], "summary": {"covered_lines": 0, "num_statements": 9, "percent_covered": 0.0, "percent_covered_display": "0", "missing_lines": 9, "excluded_lines": 0}, "missing_lines": [524, 525, 526, 527, 528, 529, 530, 532, 533], "excluded_lines": []}, "api_email_download": {"executed_lines": [], "summary": {"covered_lines": 0, "num_statements": 7, "percent_covered": 0.0, "percent_covered_display": "0", "missing_lines": 7, "excluded_lines": 0}, "missing_lines": [540, 541, 542, 543, 544, 545, 546], "excluded_lines": []}, "get_full_email": {"executed_lines": [], "summary": {"covered_lines": 0, "num_statements": 7, "percent_covered": 0.0, "percent_covered_display": "0", "missing_lines": 7, "excluded_lines": 0}, "missing_lines": [553, 554, 565, 566, 567, 569, 570], "excluded_lines": []}, "get_email_for_edit": {"executed_lines": [], "summary": {"covered_lines": 0, "num_statements": 1, "percent_covered": 0.0, "percent_covered_display": "0", "missing_lines": 1, "excluded_lines": 0}, "missing_lines": [577], "excluded_lines": []}, "": {"executed_lines": [1, 7, 8, 9, 10, 11, 12, 13, 14, 15, 16, 17, 18, 19, 20, 21, 22, 23, 24, 25, 26, 28, 29, 32, 33, 35, 36, 37, 76, 77, 78, 166, 167, 168, 192, 193, 194, 269, 270, 271, 314, 315, 316, 357, 358, 359, 360, 361, 362, 520, 521, 522, 536, 537, 538, 549, 550, 551, 573, 574, 575], "summary": {"covered_lines": 60, "num_statements": 60, "percent_covered": 100.0, "percent_covered_display": "100", "missing_lines": 0, "excluded_lines": 0}, "missing_lines": [], "excluded_lines": []}}, "classes": {"": {"executed_lines": [1, 7, 8, 9, 10, 11, 12, 13, 14, 15, 16, 17, 18, 19, 20, 21, 22, 23, 24, 25, 26, 28, 29, 32, 33, 35, 36, 37, 76, 77, 78, 166, 167, 168, 192, 193, 194, 269, 270, 271, 314, 315, 316, 357, 358, 359, 360, 361, 362, 364, 365, 366, 368, 369, 370, 371, 372, 373, 374, 375, 376, 377, 379, 382, 383, 384, 385, 386, 387, 388, 390, 391, 392, 393, 394, 506, 507, 508, 513, 514, 517, 520, 521, 522, 536, 537, 538, 549, 550, 551, 573, 574, 575], "summary": {"covered_lines": 92, "num_statements": 319, "percent_covered": 28.84012539184953, "percent_covered_display": "29", "missing_lines": 227, "excluded_lines": 0}, "missing_lines": [39, 40, 42, 43, 44, 47, 57, 59, 61, 80, 81, 83, 84, 85, 88, 95, 97, 98, 99, 101, 102, 104, 105, 107, 109, 110, 113, 115, 117, 120, 123, 124, 125, 130, 131, 133, 136, 137, 140, 141, 142, 143, 144, 146, 148, 152, 170, 171, 174, 175, 176, 177, 178, 180, 181, 182, 184, 195, 196, 198, 199, 200, 202, 211, 212, 213, 214, 215, 217, 218, 219, 228, 237, 238, 245, 254, 256, 272, 273, 274, 277, 287, 288, 289, 290, 292, 294, 295, 296, 297, 298, 299, 301, 303, 304, 305, 306, 307, 309, 311, 317, 318, 320, 321, 323, 324, 326, 328, 329, 330, 339, 348, 350, 351, 353, 354, 367, 378, 380, 389, 395, 396, 397, 398, 399, 400, 401, 402, 403, 404, 405, 406, 407, 408, 409, 410, 411, 412, 413, 414, 415, 416, 417, 418, 419, 420, 421, 422, 423, 424, 425, 427, 428, 429, 430, 431, 432, 433, 434, 435, 436, 437, 438, 439, 440, 441, 442, 443, 444, 445, 446, 448, 449, 450, 451, 452, 454, 455, 456, 457, 458, 459, 469, 470, 472, 473, 474, 475, 476, 477, 478, 479, 480, 481, 492, 494, 495, 497, 509, 510, 511, 515, 516, 524, 525, 526, 527, 528, 529, 530, 532, 533, 540, 541, 542, 543, 544, 545, 546, 553, 554, 565, 566, 567, 569, 570, 577], "excluded_lines": []}}}, "app\\routes\\inbox.py": {"executed_lines": [1, 6, 7, 8, 10, 13, 16, 17, 18, 29, 30, 31], "summary": {"covered_lines": 11, "num_statements": 26, "percent_covered": 42.30769230769231, "percent_covered_display": "42", "missing_lines": 15, "excluded_lines": 0}, "missing_lines": [20, 22, 23, 24, 26, 33, 34, 35, 37, 46, 48, 49, 61, 71, 73], "excluded_lines": [], "functions": {"inbox": {"executed_lines": [], "summary": {"covered_lines": 0, "num_statements": 5, "percent_covered": 0.0, "percent_covered_display": "0", "missing_lines": 5, "excluded_lines": 0}, "missing_lines": [20, 22, 23, 24, 26], "excluded_lines": []}, "inbox_legacy": {"executed_lines": [], "summary": {"covered_lines": 0, "num_statements": 10, "percent_covered": 0.0, "percent_covered_display": "0", "missing_lines": 10, "excluded_lines": 0}, "missing_lines": [33, 34, 35, 37, 46, 48, 49, 61, 71, 73], "excluded_lines": []}, "": {"executed_lines": [1, 6, 7, 8, 10, 13, 16, 17, 18, 29, 30, 31], "summary": {"covered_lines": 11, "num_statements": 11, "percent_covered": 100.0, "percent_covered_display": "100", "missing_lines": 0, "excluded_lines": 0}, "missing_lines": [], "excluded_lines": []}}, "classes": {"": {"executed_lines": [1, 6, 7, 8, 10, 13, 16, 17, 18, 29, 30, 31], "summary": {"covered_lines": 11, "num_statements": 26, "percent_covered": 42.30769230769231, "percent_covered_display": "42", "missing_lines": 15, "excluded_lines": 0}, "missing_lines": [20, 22, 23, 24, 26, 33, 34, 35, 37, 46, 48, 49, 61, 71, 73], "excluded_lines": []}}}, "app\\routes\\interception.py": {"executed_lines": [1, 6, 7, 8, 9, 10, 11, 12, 13, 14, 15, 16, 17, 19, 20, 21, 22, 23, 24, 25, 26, 28, 29, 30, 31, 32, 33, 34, 35, 36, 39, 41, 42, 43, 44, 47, 49, 50, 54, 55, 56, 57, 58, 59, 60, 61, 62, 63, 64, 67, 68, 70, 72, 74, 75, 77, 80, 82, 83, 84, 85, 86, 87, 90, 99, 107, 122, 126, 227, 238, 239, 240, 241, 242, 243, 244, 245, 246, 251, 252, 269, 275, 296, 306, 307, 308, 312, 313, 318, 319, 320, 324, 329, 336, 351, 355, 356, 357, 363, 364, 365, 366, 377, 378, 379, 380, 382, 410, 411, 427, 432, 440, 449, 450, 452, 455, 456, 458, 461, 462, 463, 464, 465, 467, 468, 469, 470, 474, 475, 477, 478, 479, 480, 481, 482, 483, 485, 487, 488, 490, 491, 492, 494, 495, 497, 521, 523, 540, 549, 550, 551, 553, 554, 558, 561, 570, 580, 592, 609, 610, 617, 619, 620, 621, 622, 626, 634, 645, 661, 672, 753, 754, 755, 757, 758, 759, 760, 761, 772, 773, 774, 775, 783, 784, 787, 788, 789, 790, 791, 798, 799, 801, 802, 803, 804, 805, 806, 807, 808, 810, 811, 819, 822, 823, 824, 826, 827, 828, 829, 830, 831, 832, 835, 836, 837, 838, 839, 840, 843, 844, 845, 848, 849, 850, 851, 852, 853, 854, 856, 857, 858, 860, 861, 862, 863, 864, 867, 868, 869, 870, 871, 872, 873, 876, 877, 878, 881, 884, 886, 887, 888, 895, 897, 898, 899, 902, 905, 908, 911, 913, 914, 915, 918, 920, 921, 922, 924, 925, 927, 928, 929, 931, 933, 934, 935, 936, 937, 944, 945, 946, 950, 951, 953, 954, 955, 956, 957, 958, 959, 960, 962, 963, 964, 965, 966, 967, 968, 969, 970, 971, 972, 973, 974, 975, 976, 977, 978, 979, 980, 985, 988, 989, 992, 993, 994, 995, 996, 997, 998, 1001, 1003, 1004, 1005, 1043, 1044, 1045, 1070, 1071, 1072, 1259, 1260, 1261, 1424, 1425, 1426, 1530, 1531, 1532, 1533, 1534, 1535, 1536, 1537, 1538, 1539, 1540, 1541, 1542, 1544, 1545, 1546, 1547, 1549, 1550, 1551, 1552, 1553, 1555, 1557, 1571, 1579, 1580, 1582, 1584, 1585, 1586, 1587, 1588, 1589, 1592, 1593, 1594, 1595, 1598, 1599, 1602, 1606, 1607, 1608, 1609, 1610, 1611, 1612, 1614, 1616, 1618, 1619, 1623, 1624, 1625, 1626, 1627, 1632, 1634, 1635, 1636, 1637, 1639, 1648, 1650, 1654, 1660, 1661, 1662, 1663, 1665, 1666, 1668, 1670, 1671, 1674, 1675, 1676, 1681, 1682, 1683, 1685, 1686, 1692, 1693, 1694, 1695, 1697, 1698, 1699, 1700, 1701, 1702, 1703, 1705, 1711, 1712, 1713, 1714, 1715, 1716, 1720, 1721, 1723, 1724, 1726, 1728, 1730, 1731, 1732, 1733, 1734, 1735, 1736, 1737, 1740, 1741, 1742, 1746, 1747, 1750, 1751, 1752, 1756, 1757, 1758, 1759, 1760, 1775, 1783, 1784, 1785, 1789, 1790, 1791, 1792, 1793, 1800, 1801, 1897, 1898, 1899, 1903, 1904, 1905, 1936, 1937, 1942, 1943, 1944, 1945, 1946, 1950, 1951, 1952, 1953, 1954, 1955, 1964, 1965, 1966, 1967, 1968, 1969, 1972, 2016, 2034, 2039, 2040, 2050, 2060, 2061, 2064, 2065, 2068, 2082, 2086, 2088, 2099, 2101, 2107, 2110, 2111, 2119, 2128, 2130, 2131, 2132, 2133, 2134, 2136, 2137, 2149, 2150, 2151, 2154, 2155, 2156, 2159, 2160, 2161, 2164, 2166, 2167, 2168, 2172, 2173, 2174, 2175, 2176, 2177, 2178, 2179, 2180, 2181, 2186, 2187, 2188, 2189, 2191, 2192, 2193, 2194, 2195, 2196, 2197, 2198, 2199, 2200, 2201, 2202, 2203, 2204, 2206, 2207, 2209, 2210, 2211, 2220, 2221, 2222, 2223, 2224, 2225, 2227, 2228, 2229, 2230, 2231, 2232, 2233, 2234, 2235, 2236, 2237, 2238, 2239, 2240, 2241, 2242, 2243, 2244, 2245, 2246, 2247, 2249, 2250, 2251, 2252, 2253, 2255, 2256, 2259, 2262, 2263, 2264, 2265, 2267, 2268, 2277, 2279, 2282, 2283, 2287, 2288, 2289, 2290, 2291, 2293, 2294, 2295, 2296, 2297, 2298, 2299, 2300, 2304, 2305, 2306, 2310, 2312, 2313, 2315, 2316, 2317, 2318, 2319, 2320, 2321, 2322, 2325, 2327, 2328, 2330, 2331, 2332, 2333, 2334, 2335, 2336, 2337, 2342, 2343, 2344, 2345, 2346, 2347, 2349, 2350, 2351, 2352, 2357, 2358, 2361, 2362, 2364, 2365, 2366, 2367, 2368, 2370, 2371, 2373, 2384, 2387, 2388, 2389, 2390, 2391, 2392, 2393, 2394, 2397, 2398, 2399, 2400, 2404, 2409, 2410, 2411, 2488, 2489, 2490, 2551, 2552, 2553], "summary": {"covered_lines": 700, "num_statements": 1585, "percent_covered": 44.16403785488959, "percent_covered_display": "44", "missing_lines": 885, "excluded_lines": 4}, "missing_lines": [91, 92, 93, 94, 95, 96, 100, 101, 102, 103, 104, 108, 123, 128, 129, 130, 134, 135, 137, 138, 139, 140, 141, 142, 143, 144, 145, 146, 148, 149, 151, 152, 153, 154, 155, 157, 158, 159, 160, 161, 162, 163, 165, 166, 167, 168, 169, 170, 171, 172, 173, 174, 175, 177, 179, 180, 181, 182, 183, 184, 185, 187, 188, 189, 190, 191, 192, 194, 195, 196, 197, 198, 199, 201, 202, 220, 221, 228, 229, 230, 231, 232, 234, 235, 247, 248, 249, 254, 255, 257, 258, 259, 260, 264, 266, 270, 271, 272, 278, 279, 280, 282, 283, 284, 285, 288, 289, 290, 292, 293, 297, 302, 303, 314, 315, 325, 326, 330, 343, 344, 348, 358, 359, 360, 361, 367, 368, 369, 370, 371, 372, 373, 374, 375, 383, 384, 385, 387, 388, 389, 390, 391, 397, 402, 404, 405, 406, 408, 412, 413, 414, 415, 416, 417, 418, 424, 425, 428, 429, 430, 451, 453, 457, 459, 472, 498, 499, 500, 501, 502, 503, 504, 505, 506, 507, 508, 509, 510, 511, 519, 524, 525, 526, 527, 528, 529, 530, 531, 532, 533, 556, 562, 563, 564, 565, 566, 567, 571, 572, 573, 574, 575, 576, 577, 581, 582, 583, 584, 587, 588, 589, 593, 594, 595, 596, 597, 598, 600, 601, 602, 603, 604, 605, 606, 607, 623, 624, 628, 629, 630, 631, 632, 636, 637, 638, 639, 640, 641, 642, 643, 647, 648, 649, 650, 651, 652, 654, 655, 656, 657, 658, 659, 663, 664, 665, 666, 667, 668, 669, 670, 690, 691, 693, 694, 695, 697, 699, 702, 704, 706, 708, 711, 717, 718, 719, 720, 721, 722, 724, 726, 728, 729, 730, 731, 732, 733, 734, 735, 738, 739, 741, 742, 743, 745, 746, 747, 749, 750, 820, 821, 833, 834, 841, 842, 846, 847, 865, 866, 874, 875, 879, 880, 882, 883, 981, 982, 983, 986, 987, 990, 991, 999, 1000, 1006, 1007, 1009, 1010, 1011, 1015, 1016, 1018, 1019, 1020, 1022, 1023, 1024, 1025, 1026, 1027, 1029, 1036, 1037, 1038, 1040, 1046, 1047, 1048, 1049, 1050, 1052, 1053, 1055, 1056, 1057, 1059, 1060, 1061, 1063, 1064, 1065, 1067, 1073, 1074, 1076, 1077, 1078, 1080, 1081, 1083, 1084, 1085, 1086, 1087, 1088, 1090, 1091, 1092, 1093, 1094, 1095, 1097, 1098, 1099, 1101, 1102, 1103, 1105, 1106, 1107, 1108, 1110, 1111, 1112, 1113, 1114, 1118, 1119, 1120, 1122, 1123, 1124, 1126, 1127, 1128, 1132, 1133, 1134, 1136, 1137, 1138, 1142, 1143, 1144, 1146, 1147, 1148, 1150, 1151, 1152, 1154, 1155, 1156, 1158, 1159, 1176, 1178, 1187, 1188, 1189, 1190, 1192, 1193, 1197, 1198, 1199, 1200, 1201, 1202, 1203, 1207, 1211, 1212, 1213, 1225, 1229, 1233, 1235, 1236, 1243, 1244, 1245, 1246, 1247, 1248, 1249, 1250, 1254, 1256, 1262, 1263, 1265, 1266, 1267, 1269, 1270, 1272, 1273, 1274, 1275, 1276, 1277, 1279, 1280, 1282, 1283, 1284, 1285, 1286, 1287, 1289, 1290, 1291, 1292, 1293, 1294, 1296, 1297, 1298, 1299, 1303, 1304, 1305, 1307, 1309, 1310, 1311, 1312, 1316, 1317, 1318, 1320, 1321, 1322, 1326, 1327, 1328, 1329, 1330, 1331, 1333, 1334, 1335, 1336, 1337, 1346, 1347, 1348, 1349, 1350, 1351, 1361, 1362, 1363, 1364, 1365, 1366, 1367, 1368, 1369, 1374, 1375, 1376, 1377, 1378, 1379, 1380, 1385, 1387, 1388, 1392, 1393, 1394, 1398, 1399, 1400, 1412, 1416, 1418, 1419, 1421, 1427, 1428, 1430, 1431, 1432, 1433, 1434, 1435, 1436, 1438, 1439, 1440, 1441, 1442, 1443, 1447, 1448, 1449, 1450, 1451, 1452, 1454, 1458, 1459, 1460, 1462, 1463, 1464, 1466, 1467, 1469, 1473, 1474, 1475, 1479, 1480, 1481, 1493, 1494, 1499, 1503, 1505, 1507, 1508, 1509, 1510, 1511, 1518, 1519, 1520, 1521, 1526, 1528, 1558, 1559, 1560, 1561, 1562, 1563, 1564, 1565, 1566, 1567, 1568, 1590, 1600, 1603, 1667, 1672, 1677, 1678, 1679, 1706, 1707, 1709, 1717, 1718, 1722, 1725, 1743, 1744, 1765, 1769, 1770, 1794, 1795, 1796, 1806, 1807, 1808, 1812, 1813, 1814, 1815, 1816, 1820, 1821, 1822, 1823, 1824, 1825, 1826, 1827, 1828, 1829, 1830, 1834, 1835, 1836, 1837, 1838, 1839, 1840, 1844, 1845, 1846, 1852, 1853, 1857, 1858, 1859, 1860, 1864, 1865, 1866, 1867, 1868, 1872, 1873, 1877, 1882, 1887, 1891, 1892, 1906, 1907, 1908, 1918, 1919, 1920, 1924, 1925, 1926, 1927, 1932, 1960, 1970, 1971, 1973, 1974, 1975, 1976, 1977, 1978, 1979, 1983, 1984, 1985, 1989, 1990, 1995, 1999, 2000, 2001, 2002, 2003, 2004, 2005, 2006, 2011, 2020, 2021, 2026, 2027, 2028, 2032, 2035, 2045, 2051, 2052, 2053, 2054, 2058, 2062, 2063, 2089, 2090, 2091, 2092, 2093, 2094, 2108, 2117, 2118, 2135, 2138, 2139, 2140, 2141, 2142, 2143, 2147, 2152, 2153, 2157, 2158, 2162, 2163, 2183, 2184, 2205, 2257, 2258, 2278, 2280, 2284, 2285, 2301, 2302, 2303, 2307, 2308, 2314, 2323, 2324, 2329, 2338, 2339, 2340, 2354, 2355, 2359, 2360, 2401, 2402, 2417, 2418, 2419, 2421, 2422, 2424, 2425, 2427, 2428, 2430, 2431, 2432, 2435, 2436, 2437, 2442, 2443, 2444, 2445, 2447, 2448, 2449, 2450, 2452, 2456, 2457, 2459, 2460, 2461, 2462, 2464, 2465, 2468, 2469, 2470, 2471, 2472, 2473, 2475, 2483, 2484, 2485, 2498, 2499, 2500, 2502, 2503, 2505, 2506, 2508, 2509, 2511, 2512, 2515, 2517, 2518, 2522, 2523, 2524, 2525, 2526, 2527, 2529, 2532, 2533, 2534, 2535, 2536, 2537, 2539, 2546, 2547, 2548, 2564, 2566, 2567, 2568, 2573, 2575, 2576, 2579, 2580, 2585, 2587, 2588, 2589, 2592, 2593, 2594, 2595, 2596, 2597, 2598, 2600, 2601, 2602, 2604, 2610, 2611, 2612], "excluded_lines": [51, 52, 585, 586], "functions": {"_db": {"executed_lines": [72], "summary": {"covered_lines": 1, "num_statements": 1, "percent_covered": 100.0, "percent_covered_display": "100", "missing_lines": 0, "excluded_lines": 0}, "missing_lines": [], "excluded_lines": []}, "_get_storage_roots": {"executed_lines": [82, 83, 84, 85, 86, 87], "summary": {"covered_lines": 6, "num_statements": 6, "percent_covered": 100.0, "percent_covered_display": "100", "missing_lines": 0, "excluded_lines": 0}, "missing_lines": [], "excluded_lines": []}, "_sanitize_filename": {"executed_lines": [], "summary": {"covered_lines": 0, "num_statements": 6, "percent_covered": 0.0, "percent_covered_display": "0", "missing_lines": 6, "excluded_lines": 0}, "missing_lines": [91, 92, 93, 94, 95, 96], "excluded_lines": []}, "_is_under": {"executed_lines": [], "summary": {"covered_lines": 0, "num_statements": 5, "percent_covered": 0.0, "percent_covered_display": "0", "missing_lines": 5, "excluded_lines": 0}, "missing_lines": [100, 101, 102, 103, 104], "excluded_lines": []}, "_serialize_attachment_row": {"executed_lines": [], "summary": {"covered_lines": 0, "num_statements": 1, "percent_covered": 0.0, "percent_covered_display": "0", "missing_lines": 1, "excluded_lines": 0}, "missing_lines": [108], "excluded_lines": []}, "_attachments_feature_enabled": {"executed_lines": [], "summary": {"covered_lines": 0, "num_statements": 1, "percent_covered": 0.0, "percent_covered_display": "0", "missing_lines": 1, "excluded_lines": 0}, "missing_lines": [123], "excluded_lines": []}, "_ensure_attachments_extracted": {"executed_lines": [], "summary": {"covered_lines": 0, "num_statements": 64, "percent_covered": 0.0, "percent_covered_display": "0", "missing_lines": 64, "excluded_lines": 0}, "missing_lines": [128, 129, 130, 134, 135, 137, 138, 139, 140, 141, 142, 143, 144, 145, 146, 148, 149, 151, 152, 153, 154, 155, 157, 158, 159, 160, 161, 162, 163, 165, 166, 167, 168, 169, 170, 171, 172, 173, 174, 175, 177, 179, 180, 181, 182, 183, 184, 185, 187, 188, 189, 190, 191, 192, 194, 195, 196, 197, 198, 199, 201, 202, 220, 221], "excluded_lines": []}, "_ensure_manifest_structure": {"executed_lines": [], "summary": {"covered_lines": 0, "num_statements": 7, "percent_covered": 0.0, "percent_covered_display": "0", "missing_lines": 7, "excluded_lines": 0}, "missing_lines": [228, 229, 230, 231, 232, 234, 235], "excluded_lines": []}, "_load_manifest_from_row": {"executed_lines": [239, 240, 241, 242, 243, 244, 245, 246, 251, 252], "summary": {"covered_lines": 10, "num_statements": 21, "percent_covered": 47.61904761904762, "percent_covered_display": "48", "missing_lines": 11, "excluded_lines": 0}, "missing_lines": [247, 248, 249, 254, 255, 257, 258, 259, 260, 264, 266], "excluded_lines": []}, "_dump_manifest": {"executed_lines": [], "summary": {"covered_lines": 0, "num_statements": 3, "percent_covered": 0.0, "percent_covered_display": "0", "missing_lines": 3, "excluded_lines": 0}, "missing_lines": [270, 271, 272], "excluded_lines": []}, "_manifest_remove_entries": {"executed_lines": [], "summary": {"covered_lines": 0, "num_statements": 12, "percent_covered": 0.0, "percent_covered_display": "0", "missing_lines": 12, "excluded_lines": 0}, "missing_lines": [278, 279, 280, 282, 283, 284, 285, 288, 289, 290, 292, 293], "excluded_lines": []}, "_manifest_append_entry": {"executed_lines": [], "summary": {"covered_lines": 0, "num_statements": 3, "percent_covered": 0.0, "percent_covered_display": "0", "missing_lines": 3, "excluded_lines": 0}, "missing_lines": [297, 302, 303], "excluded_lines": []}, "_acquire_release_lock": {"executed_lines": [307, 308, 312, 313], "summary": {"covered_lines": 4, "num_statements": 6, "percent_covered": 66.66666666666667, "percent_covered_display": "67", "missing_lines": 2, "excluded_lines": 0}, "missing_lines": [314, 315], "excluded_lines": []}, "_release_release_lock": {"executed_lines": [319, 320, 324], "summary": {"covered_lines": 3, "num_statements": 5, "percent_covered": 60.0, "percent_covered_display": "60", "missing_lines": 2, "excluded_lines": 0}, "missing_lines": [325, 326], "excluded_lines": []}, "_get_idempotency_record": {"executed_lines": [], "summary": {"covered_lines": 0, "num_statements": 1, "percent_covered": 0.0, "percent_covered_display": "0", "missing_lines": 1, "excluded_lines": 0}, "missing_lines": [330], "excluded_lines": []}, "_set_idempotency_record": {"executed_lines": [], "summary": {"covered_lines": 0, "num_statements": 3, "percent_covered": 0.0, "percent_covered_display": "0", "missing_lines": 3, "excluded_lines": 0}, "missing_lines": [343, 344, 348], "excluded_lines": []}, "_assemble_attachment_plan": {"executed_lines": [355, 356, 357, 363, 364, 365, 366, 377, 378, 379, 380, 382, 410
[...]
, "excluded_lines": []}}}, "app\\utils\\logging.py": {"executed_lines": [1, 2, 3, 4, 5, 6, 7, 8, 10, 12, 13, 27, 28, 39, 40, 43, 46, 49, 50, 51, 53, 54, 57, 73, 74, 77, 78, 79, 82, 83, 86, 87, 88, 91, 93, 94, 95, 96, 97, 98, 104, 105, 109, 110, 118, 122, 123, 124, 127, 131, 132, 133, 136, 137, 138, 139, 140, 143, 144, 145, 146, 147, 148, 149, 150, 151, 154, 155, 156, 158, 161, 162, 163, 164, 165, 166, 170, 177], "summary": {"covered_lines": 76, "num_statements": 92, "percent_covered": 82.6086956521739, "percent_covered_display": "83", "missing_lines": 16, "excluded_lines": 0}, "missing_lines": [44, 99, 100, 101, 102, 111, 112, 113, 114, 115, 152, 153, 167, 168, 172, 174], "excluded_lines": [], "functions": {"JSONFormatter.format": {"executed_lines": [28, 39, 40, 43, 46], "summary": {"covered_lines": 5, "num_statements": 6, "percent_covered": 83.33333333333333, "percent_covered_display": "83", "missing_lines": 1, "excluded_lines": 0}, "missing_lines": [44], "excluded_lines": []}, "_Formatter.format": {"executed_lines": [53, 54], "summary": {"covered_lines": 2, "num_statements": 2, "percent_covered": 100.0, "percent_covered_display": "100", "missing_lines": 0, "excluded_lines": 0}, "missing_lines": [], "excluded_lines": []}, "setup_app_logging": {"executed_lines": [73, 74, 77, 78, 79, 82, 83, 86, 87, 88, 91, 104, 105, 109, 110, 118, 122, 123, 124, 127, 131, 132, 133, 136, 137, 138, 139, 140, 143, 144, 145, 146, 148, 149, 155, 156, 158, 161, 162, 163, 164, 165, 166, 170], "summary": {"covered_lines": 44, "num_statements": 53, "percent_covered": 83.01886792452831, "percent_covered_display": "83", "missing_lines": 9, "excluded_lines": 0}, "missing_lines": [111, 112, 113, 114, 115, 167, 168, 172, 174], "excluded_lines": []}, "setup_app_logging.cleanup_old_logs": {"executed_lines": [93, 94, 95, 96, 97, 98], "summary": {"covered_lines": 6, "num_statements": 10, "percent_covered": 60.0, "percent_covered_display": "60", "missing_lines": 4, "excluded_lines": 0}, "missing_lines": [99, 100, 101, 102], "excluded_lines": []}, "setup_app_logging._log_request": {"executed_lines": [147], "summary": {"covered_lines": 1, "num_statements": 1, "percent_covered": 100.0, "percent_covered_display": "100", "missing_lines": 0, "excluded_lines": 0}, "missing_lines": [], "excluded_lines": []}, "setup_app_logging._log_response": {"executed_lines": [150, 151, 154], "summary": {"covered_lines": 3, "num_statements": 5, "percent_covered": 60.0, "percent_covered_display": "60", "missing_lines": 2, "excluded_lines": 0}, "missing_lines": [152, 153], "excluded_lines": []}, "": {"executed_lines": [1, 2, 3, 4, 5, 6, 7, 8, 10, 12, 13, 27, 49, 50, 51, 57, 177], "summary": {"covered_lines": 15, "num_statements": 15, "percent_covered": 100.0, "percent_covered_display": "100", "missing_lines": 0, "excluded_lines": 0}, "missing_lines": [], "excluded_lines": []}}, "classes": {"JSONFormatter": {"executed_lines": [28, 39, 40, 43, 46], "summary": {"covered_lines": 5, "num_statements": 6, "percent_covered": 83.33333333333333, "percent_covered_display": "83", "missing_lines": 1, "excluded_lines": 0}, "missing_lines": [44], "excluded_lines": []}, "_Formatter": {"executed_lines": [53, 54], "summary": {"covered_lines": 2, "num_statements": 2, "percent_covered": 100.0, "percent_covered_display": "100", "missing_lines": 0, "excluded_lines": 0}, "missing_lines": [], "excluded_lines": []}, "": {"executed_lines": [1, 2, 3, 4, 5, 6, 7, 8, 10, 12, 13, 27, 49, 50, 51, 57, 73, 74, 77, 78, 79, 82, 83, 86, 87, 88, 91, 93, 94, 95, 96, 97, 98, 104, 105, 109, 110, 118, 122, 123, 124, 127, 131, 132, 133, 136, 137, 138, 139, 140, 143, 144, 145, 146, 147, 148, 149, 150, 151, 154, 155, 156, 158, 161, 162, 163, 164, 165, 166, 170, 177], "summary": {"covered_lines": 69, "num_statements": 84, "percent_covered": 82.14285714285714, "percent_covered_display": "82", "missing_lines": 15, "excluded_lines": 0}, "missing_lines": [99, 100, 101, 102, 111, 112, 113, 114, 115, 152, 153, 167, 168, 172, 174], "excluded_lines": []}}}, "app\\utils\\metrics.py": {"executed_lines": [1, 11, 12, 13, 14, 16, 19, 20, 23, 25, 28, 29, 32, 33, 36, 39, 40, 42, 45, 47, 50, 51, 59, 66, 73, 80, 91, 98, 105, 116, 122, 128, 135, 145, 153, 161, 173, 179, 190, 191, 200, 201, 202, 204, 205, 208, 212, 213, 220, 223, 224, 230, 233, 234, 240, 242, 243, 248, 250, 256, 259, 260, 261, 267, 270, 271, 272, 278, 280, 283, 285, 288, 290, 293, 298], "summary": {"covered_lines": 74, "num_statements": 79, "percent_covered": 93.67088607594937, "percent_covered_display": "94", "missing_lines": 5, "excluded_lines": 0}, "missing_lines": [26, 30, 34, 37, 295], "excluded_lines": [], "functions": {"_normalize_label": {"executed_lines": [25, 28, 29, 32, 33, 36, 39, 40, 42], "summary": {"covered_lines": 9, "num_statements": 13, "percent_covered": 69.23076923076923, "percent_covered_display": "69", "missing_lines": 4, "excluded_lines": 0}, "missing_lines": [26, 30, 34, 37], "excluded_lines": []}, "normalize_account_label": {"executed_lines": [47], "summary": {"covered_lines": 1, "num_statements": 1, "percent_covered": 100.0, "percent_covered_display": "100", "missing_lines": 0, "excluded_lines": 0}, "missing_lines": [], "excluded_lines": []}, "_normalize_host_label": {"executed_lines": [51], "summary": {"covered_lines": 1, "num_statements": 1, "percent_covered": 100.0, "percent_covered_display": "100", "missing_lines": 0, "excluded_lines": 0}, "missing_lines": [], "excluded_lines": []}, "track_latency": {"executed_lines": [200, 201, 202, 204, 205], "summary": {"covered_lines": 5, "num_statements": 5, "percent_covered": 100.0, "percent_covered_display": "100", "missing_lines": 0, "excluded_lines": 0}, "missing_lines": [], "excluded_lines": []}, "record_interception": {"executed_lines": [212, 213], "summary": {"covered_lines": 2, "num_statements": 2, "percent_covered": 100.0, "percent_covered_display": "100", "missing_lines": 0, "excluded_lines": 0}, "missing_lines": [], "excluded_lines": []}, "record_release": {"executed_lines": [223, 224], "summary": {"covered_lines": 2, "num_statements": 2, "percent_covered": 100.0, "percent_covered_display": "100", "missing_lines": 0, "excluded_lines": 0}, "missing_lines": [], "excluded_lines": []}, "record_discard": {"executed_lines": [233, 234], "summary": {"covered_lines": 2, "num_statements": 2, "percent_covered": 100.0, "percent_covered_display": "100", "missing_lines": 0, "excluded_lines": 0}, "missing_lines": [], "excluded_lines": []}, "record_edit": {"executed_lines": [242, 243], "summary": {"covered_lines": 2, "num_statements": 2, "percent_covered": 100.0, "percent_covered_display": "100", "missing_lines": 0, "excluded_lines": 0}, "missing_lines": [], "excluded_lines": []}, "record_error": {"executed_lines": [250], "summary": {"covered_lines": 1, "num_statements": 1, "percent_covered": 100.0, "percent_covered_display": "100", "missing_lines": 0, "excluded_lines": 0}, "missing_lines": [], "excluded_lines": []}, "record_imap_failure": {"executed_lines": [259, 260, 261], "summary": {"covered_lines": 3, "num_statements": 3, "percent_covered": 100.0, "percent_covered_display": "100", "missing_lines": 0, "excluded_lines": 0}, "missing_lines": [], "excluded_lines": []}, "record_smtp_failure": {"executed_lines": [270, 271, 272], "summary": {"covered_lines": 3, "num_statements": 3, "percent_covered": 100.0, "percent_covered_display": "100", "missing_lines": 0, "excluded_lines": 0}, "missing_lines": [], "excluded_lines": []}, "update_held_count": {"executed_lines": [280], "summary": {"covered_lines": 1, "num_statements": 1, "percent_covered": 100.0, "percent_covered_display": "100", "missing_lines": 0, "excluded_lines": 0}, "missing_lines": [], "excluded_lines": []}, "update_pending_count": {"executed_lines": [285], "summary": {"covered_lines": 1, "num_statements": 1, "percent_covered": 100.0, "percent_covered_display": "100", "missing_lines": 0, "excluded_lines": 0}, "missing_lines": [], "excluded_lines": []}, "set_watcher_status": {"executed_lines": [290], "summary": {"covered_lines": 1, "num_statements": 1, "percent_covered": 100.0, "percent_covered_display": "100", "missing_lines": 0, "excluded_lines": 0}, "missing_lines": [], "excluded_lines": []}, "update_db_connections": {"executed_lines": [], "summary": {"covered_lines": 0, "num_statements": 1, "percent_covered": 0.0, "percent_covered_display": "0", "missing_lines": 1, "excluded_lines": 0}, "missing_lines": [295], "excluded_lines": []}, "": {"executed_lines": [1, 11, 12, 13, 14, 16, 19, 20, 23, 45, 50, 59, 66, 73, 80, 91, 98, 105, 116, 122, 128, 135, 145, 153, 161, 173, 179, 190, 191, 208, 220, 230, 240, 248, 256, 267, 278, 283, 288, 293, 298], "summary": {"covered_lines": 40, "num_statements": 40, "percent_covered": 100.0, "percent_covered_display": "100", "missing_lines": 0, "excluded_lines": 0}, "missing_lines": [], "excluded_lines": []}}, "classes": {"": {"executed_lines": [1, 11, 12, 13, 14, 16, 19, 20, 23, 25, 28, 29, 32, 33, 36, 39, 40, 42, 45, 47, 50, 51, 59, 66, 73, 80, 91, 98, 105, 116, 122, 128, 135, 145, 153, 161, 173, 179, 190, 191, 200, 201, 202, 204, 205, 208, 212, 213, 220, 223, 224, 230, 233, 234, 240, 242, 243, 248, 250, 256, 259, 260, 261, 267, 270, 271, 272, 278, 280, 283, 285, 288, 290, 293, 298], "summary": {"covered_lines": 74, "num_statements": 79, "percent_covered": 93.67088607594937, "percent_covered_display": "94", "missing_lines": 5, "excluded_lines": 0}, "missing_lines": [26, 30, 34, 37, 295], "excluded_lines": []}}}, "app\\utils\\rate_limit.py": {"executed_lines": [1, 3, 5, 6, 7, 8, 9, 10, 12, 15, 16, 18, 19, 22, 23, 24, 31, 40, 51, 52, 54, 56, 57, 63, 65, 66, 67, 70, 71, 72, 73, 75, 76, 77, 79, 84, 85, 86, 88, 93, 94, 97, 101, 102, 103, 104, 105, 106, 107, 108, 112, 115, 118, 119, 120, 121, 123, 126, 127, 128, 129, 130, 132, 133, 134, 135, 136, 138, 139, 140, 145, 146, 147, 148, 149, 150, 152, 154, 156, 158, 161], "summary": {"covered_lines": 80, "num_statements": 112, "percent_covered": 71.42857142857143, "percent_covered_display": "71", "missing_lines": 32, "excluded_lines": 0}, "missing_lines": [25, 26, 27, 28, 32, 33, 34, 35, 36, 37, 41, 42, 43, 44, 45, 46, 47, 48, 53, 55, 58, 59, 60, 68, 80, 81, 82, 98, 109, 110, 111, 124], "excluded_lines": [], "functions": {"_parse_int": {"executed_lines": [23, 24], "summary": {"covered_lines": 2, "num_statements": 6, "percent_covered": 33.333333333333336, "percent_covered_display": "33", "missing_lines": 4, "excluded_lines": 0}, "missing_lines": [25, 26, 27, 28], "excluded_lines": []}, "_extract_first_int_from_string": {"executed_lines": [], "summary": {"covered_lines": 0, "num_statements": 6, "percent_covered": 0.0, "percent_covered_display": "0", "missing_lines": 6, "excluded_lines": 0}, "missing_lines": [32, 33, 34, 35, 36, 37], "excluded_lines": []}, "_infer_window_from_string": {"executed_lines": [], "summary": {"covered_lines": 0, "num_statements": 8, "percent_covered": 0.0, "percent_covered_display": "0", "missing_lines": 8, "excluded_lines": 0}, "missing_lines": [41, 42, 43, 44, 45, 46, 47, 48], "excluded_lines": []}, "_format_limit_string": {"executed_lines": [52, 54, 56, 57], "summary": {"covered_lines": 4, "num_statements": 9, "percent_covered": 44.44444444444444, "percent_covered_display": "44", "missing_lines": 5, "excluded_lines": 0}, "missing_lines": [53, 55, 58, 59, 60], "excluded_lines": []}, "get_rate_limit_config": {"executed_lines": [65, 66, 67, 70, 71, 72, 73, 75, 76, 77, 79, 84, 85, 86, 88, 93, 94], "summary": {"covered_lines": 17, "num_statements": 21, "percent_covered": 80.95238095238095, "percent_covered_display": "81", "missing_lines": 4, "excluded_lines": 0}, "missing_lines": [68, 80, 81, 82], "excluded_lines": []}, "get_limit_string": {"executed_lines": [], "summary": {"covered_lines": 0, "num_statements": 1, "percent_covered": 0.0, "percent_covered_display": "0", "missing_lines": 1, "excluded_lines": 0}, "missing_lines": [98], "excluded_lines": []}, "get_client_identifier": {"executed_lines": [102, 103, 104, 105, 106, 107, 108, 112], "summary": {"covered_lines": 8, "num_statements": 11, "percent_covered": 72.72727272727273, "percent_covered_display": "73", "missing_lines": 3, "excluded_lines": 0}, "missing_lines": [109, 110, 111], "excluded_lines": []}, "simple_rate_limit": {"executed_lines": [118, 158], "summary": {"covered_lines": 2, "num_statements": 2, "percent_covered": 100.0, "percent_covered_display": "100", "missing_lines": 0, "excluded_lines": 0}, "missing_lines": [], "excluded_lines": []}, "simple_rate_limit.decorator": {"executed_lines": [119, 120, 121, 123, 126, 127, 156], "summary": {"covered_lines": 7, "num_statements": 8, "percent_covered": 87.5, "percent_covered_display": "88", "missing_lines": 1, "excluded_lines": 0}, "missing_lines": [124], "excluded_lines": []}, "simple_rate_limit.decorator.wrapped": {"executed_lines": [128, 129, 130, 132, 133, 134, 135, 136, 138, 139, 140, 145, 146, 147, 148, 149, 150, 152, 154], "summary": {"covered_lines": 19, "num_statements": 19, "percent_covered": 100.0, "percent_covered_display": "100", "missing_lines": 0, "excluded_lines": 0}, "missing_lines": [], "excluded_lines": []}, "": {"executed_lines": [1, 3, 5, 6, 7, 8, 9, 10, 12, 15, 16, 18, 19, 22, 31, 40, 51, 63, 97, 101, 115, 161], "summary": {"covered_lines": 21, "num_statements": 21, "percent_covered": 100.0, "percent_covered_display": "100", "missing_lines": 0, "excluded_lines": 0}, "missing_lines": [], "excluded_lines": []}}, "classes": {"": {"executed_lines": [1, 3, 5, 6, 7, 8, 9, 10, 12, 15, 16, 18, 19, 22, 23, 24, 31, 40, 51, 52, 54, 56, 57, 63, 65, 66, 67, 70, 71, 72, 73, 75, 76, 77, 79, 84, 85, 86, 88, 93, 94, 97, 101, 102, 103, 104, 105, 106, 107, 108, 112, 115, 118, 119, 120, 121, 123, 126, 127, 128, 129, 130, 132, 133, 134, 135, 136, 138, 139, 140, 145, 146, 147, 148, 149, 150, 152, 154, 156, 158, 161], "summary": {"covered_lines": 80, "num_statements": 112, "percent_covered": 71.42857142857143, "percent_covered_display": "71", "missing_lines": 32, "excluded_lines": 0}, "missing_lines": [25, 26, 27, 28, 32, 33, 34, 35, 36, 37, 41, 42, 43, 44, 45, 46, 47, 48, 53, 55, 58, 59, 60, 68, 80, 81, 82, 98, 109, 110, 111, 124], "excluded_lines": []}}}, "app\\utils\\rule_engine.py": {"executed_lines": [1, 2, 3, 4, 6, 9, 12, 13, 15, 16, 28, 29, 31, 32, 35, 42, 43, 44, 45, 46, 47, 49, 50, 51, 52, 54, 55, 56, 57, 59, 60, 61, 62, 63, 64, 65, 66, 67, 68, 71, 72, 73, 74, 84, 92, 96, 97, 98, 102, 103, 104, 105, 106, 107, 108, 109, 111, 112, 113, 114, 115, 116, 119, 120, 121, 122, 124, 128, 130, 131, 132, 135, 138, 140, 141, 142, 145, 146, 147, 148, 151, 155, 156, 158, 159, 160, 162, 168, 171, 174, 178, 179, 181, 182, 184, 190, 191, 192, 194, 212, 213, 215, 224], "summary": {"covered_lines": 103, "num_statements": 149, "percent_covered": 69.12751677852349, "percent_covered_display": "69", "missing_lines": 46, "excluded_lines": 0}, "missing_lines": [14, 17, 18, 19, 20, 21, 22, 23, 24, 25, 30, 69, 70, 93, 94, 99, 100, 117, 118, 125, 129, 133, 136, 143, 144, 149, 150, 152, 153, 161, 163, 164, 165, 166, 167, 169, 170, 172, 173, 175, 176, 195, 207, 208, 209, 210], "excluded_lines": [], "functions": {"_normalize_recipients": {"executed_lines": [13, 15, 16], "summary": {"covered_lines": 3, "num_statements": 13, "percent_covered": 23.076923076923077, "percent_covered_display": "23", "missing_lines": 10, "excluded_lines": 0}, "missing_lines": [14, 17, 18, 19, 20, 21, 22, 23, 24, 25], "excluded_lines": []}, "_extract_sender_domain": {"executed_lines": [29, 31, 32], "summary": {"covered_lines": 3, "num_statements": 4, "percent_covered": 75.0, "percent_covered_display": "75", "missing_lines": 1, "excluded_lines": 0}, "missing_lines": [30], "excluded_lines": []}, "evaluate_rules": {"executed_lines": [42, 43, 44, 45, 46, 47, 49, 50, 51, 52, 54, 55, 56, 57, 59, 60, 61, 62, 63, 64, 65, 66, 67, 68, 71, 72, 73, 74, 84, 92, 96, 97, 98, 102, 103, 104, 105, 106, 107, 108, 109, 111, 112, 113, 114, 115, 116, 119, 120, 121, 122, 124, 128, 130, 131, 132, 135, 138, 140, 141, 142, 145, 146, 147, 148, 151, 155, 156, 158, 159, 160, 162, 168, 171, 174, 178, 179, 181, 182, 184, 190, 191, 192, 194, 212, 213, 215], "summary": {"covered_lines": 87, "num_statements": 122, "percent_covered": 71.31147540983606, "percent_covered_display": "71", "missing_lines": 35, "excluded_lines": 0}, "missing_lines": [69, 70, 93, 94, 99, 100, 117, 118, 125, 129, 133, 136, 143, 144, 149, 150, 152, 153, 161, 163, 164, 165, 166, 167, 169, 170, 172, 173, 175, 176, 195, 207, 208, 209, 210], "excluded_lines": []}, "": {"executed_lines": [1, 2, 3, 4, 6, 9, 12, 28, 35, 224], "summary": {"covered_lines": 10, "num_statements": 10, "percent_covered": 100.0, "percent_covered_display": "100", "missing_lines": 0, "excluded_lines": 0}, "missing_lines": [], "excluded_lines": []}}, "classes": {"": {"executed_lines": [1, 2, 3, 4, 6, 9, 12, 13, 15, 16, 28, 29, 31, 32, 35, 42, 43, 44, 45, 46, 47, 49, 50, 51, 52, 54, 55, 56, 57, 59, 60, 61, 62, 63, 64, 65, 66, 67, 68, 71, 72, 73, 74, 84, 92, 96, 97, 98, 102, 103, 104, 105, 106, 107, 108, 109, 111, 112, 113, 114, 115, 116, 119, 120, 121, 122, 124, 128, 130, 131, 132, 135, 138, 140, 141, 142, 145, 146, 147, 148, 151, 155, 156, 158, 159, 160, 162, 168, 171, 174, 178, 179, 181, 182, 184, 190, 191, 192, 194, 212, 213, 215, 224], "summary": {"covered_lines": 103, "num_statements": 149, "percent_covered": 69.12751677852349, "percent_covered_display": "69", "missing_lines": 46, "excluded_lines": 0}, "missing_lines": [14, 17, 18, 19, 20, 21, 22, 23, 24, 25, 30, 69, 70, 93, 94, 99, 100, 117, 118, 125, 129, 133, 136, 143, 144, 149, 150, 152, 153, 161, 163, 164, 165, 166, 167, 169, 170, 172, 173, 175, 176, 195, 207, 208, 209, 210], "excluded_lines": []}}}, "app\\workers\\__init__.py": {"executed_lines": [], "summary": {"covered_lines": 0, "num_statements": 0, "percent_covered": 100.0, "percent_covered_display": "100", "missing_lines": 0, "excluded_lines": 0}, "missing_lines": [], "excluded_lines": [], "functions": {"": {"executed_lines": [], "summary": {"covered_lines": 0, "num_statements": 0, "percent_covered": 100.0, "percent_covered_display": "100", "missing_lines": 0, "excluded_lines": 0}, "missing_lines": [], "excluded_lines": []}}, "classes": {"": {"executed_lines": [], "summary": {"covered_lines": 0, "num_statements": 0, "percent_covered": 100.0, "percent_covered_display": "100", "missing_lines": 0, "excluded_lines": 0}, "missing_lines": [], "excluded_lines": []}}}, "app\\workers\\imap_startup.py": {"executed_lines": [], "summary": {"covered_lines": 0, "num_statements": 34, "percent_covered": 0.0, "percent_covered_display": "0", "missing_lines": 34, "excluded_lines": 0}, "missing_lines": [11, 12, 13, 14, 15, 18, 33, 34, 35, 36, 37, 38, 41, 42, 43, 44, 48, 51, 52, 53, 55, 56, 57, 58, 62, 63, 65, 70, 71, 72, 74, 75, 76, 78], "excluded_lines": [], "functions": {"start_imap_watchers": {"executed_lines": [], "summary": {"covered_lines": 0, "num_statements": 28, "percent_covered": 0.0, "percent_covered_display": "0", "missing_lines": 28, "excluded_lines": 0}, "missing_lines": [33, 34, 35, 36, 37, 38, 41, 42, 43, 44, 48, 51, 52, 53, 55, 56, 57, 58, 62, 63, 65, 70, 71, 72, 74, 75, 76, 78], "excluded_lines": []}, "": {"executed_lines": [], "summary": {"covered_lines": 0, "num_statements": 6, "percent_covered": 0.0, "percent_covered_display": "0", "missing_lines": 6, "excluded_lines": 0}, "missing_lines": [11, 12, 13, 14, 15, 18], "excluded_lines": []}}, "classes": {"": {"executed_lines": [], "summary": {"covered_lines": 0, "num_statements": 34, "percent_covered": 0.0, "percent_covered_display": "0", "missing_lines": 34, "excluded_lines": 0}, "missing_lines": [11, 12, 13, 14, 15, 18, 33, 34, 35, 36, 37, 38, 41, 42, 43, 44, 48, 51, 52, 53, 55, 56, 57, 58, 62, 63, 65, 70, 71, 72, 74, 75, 76, 78], "excluded_lines": []}}}}, "totals": {"covered_lines": 2133, "num_statements": 5911, "percent_covered": 36.0852647606158, "percent_covered_display": "36", "missing_lines": 3778, "excluded_lines": 6}}